TN:
SF:/home/artur/Treinamento/Simulação_de_Tráfego/src/Rodovia.cpp
FN:8,_ZN1N7Rodovia9setLimiteEi
FN:17,_ZN1N7Rodovia9getLimiteEv
FN:18,_ZN1N7Rodovia8setQuantEi
FN:19,_ZN1N7Rodovia8getQuantEv
FN:22,_ZN1N7Rodovia16adicionarVeiculoEv
FN:25,_ZN1N7Rodovia17configurarRodoviaEv
FN:34,_ZN1N7RodoviaC2Eii
FNDA:11,_ZN1N7Rodovia16adicionarVeiculoEv
FNDA:22,_ZN1N7Rodovia8setQuantEi
FNDA:44,_ZN1N7RodoviaC2Eii
FNDA:0,_ZN1N7Rodovia17configurarRodoviaEv
FNDA:11,_ZN1N7Rodovia9setLimiteEi
FNDA:11,_ZN1N7Rodovia9getLimiteEv
FNDA:33,_ZN1N7Rodovia8getQuantEv
FNF:7
FNH:6
DA:8,11
DA:9,11
DA:10,11
DA:12,0
DA:13,0
DA:14,0
DA:16,11
DA:17,11
DA:18,22
DA:19,33
DA:22,11
DA:23,11
DA:24,11
DA:25,0
DA:26,0
DA:28,0
DA:29,0
DA:30,0
DA:31,0
DA:34,44
LF:20
LH:11
end_of_record
TN:
SF:/home/artur/Treinamento/Simulação_de_Tráfego/src/Simulador.cpp
FN:14,_ZN1N9Simulacao6setNumEi
FN:15,_ZN1N9Simulacao6getNumEv
FN:18,_ZN1N9Simulacao9simulacaoEv
FN:83,_ZN1N9SimulacaoC2Ei
FNDA:11,_ZN1N9Simulacao6getNumEv
FNDA:11,_ZN1N9SimulacaoC2Ei
FNDA:0,_ZN1N9Simulacao9simulacaoEv
FNDA:11,_ZN1N9Simulacao6setNumEi
FNF:4
FNH:3
DA:14,11
DA:15,11
DA:18,0
DA:19,0
DA:20,0
DA:21,0
DA:22,0
DA:24,0
DA:27,0
DA:28,0
DA:29,0
DA:30,0
DA:31,0
DA:32,0
DA:33,0
DA:34,0
DA:36,0
DA:37,0
DA:39,0
DA:43,0
DA:44,0
DA:45,0
DA:47,0
DA:49,0
DA:50,0
DA:52,0
DA:53,0
DA:54,0
DA:55,0
DA:56,0
DA:57,0
DA:60,0
DA:61,0
DA:62,0
DA:63,0
DA:64,0
DA:65,0
DA:66,0
DA:67,0
DA:68,0
DA:69,0
DA:70,0
DA:71,0
DA:72,0
DA:73,0
DA:74,0
DA:77,0
DA:78,0
DA:80,0
DA:83,11
LF:50
LH:3
end_of_record
TN:
SF:/home/artur/Treinamento/Simulação_de_Tráfego/src/Veiculo.cpp
FN:10,_ZN1N7Veiculo7setNomeENSt7__cxx1112basic_stringIcSt11char_traitsIcESaIcEEE
FN:11,_ZN1N7Veiculo7getNomeB5cxx11Ev
FN:12,_ZN1N7Veiculo7setTipoENSt7__cxx1112basic_stringIcSt11char_traitsIcESaIcEEE
FN:13,_ZN1N7Veiculo7getTipoB5cxx11Ev
FN:14,_ZN1N7Veiculo6setVelEi
FN:22,_ZN1N7Veiculo6getVelEv
FN:23,_ZN1N7Veiculo10setPosicaoEi
FN:24,_ZN1N7Veiculo10getPosicaoEv
FN:27,_ZN1N7Veiculo8acelerarEv
FN:31,_ZN1N7Veiculo7reduzirEv
FN:35,_ZN1N7Veiculo12criarVeiculoEv
FN:56,_ZN1N7VeiculoC2Ev
FNDA:22,_ZN1N7Veiculo7getNomeB5cxx11Ev
FNDA:33,_ZN1N7Veiculo6setVelEi
FNDA:33,_ZN1N7Veiculo10setPosicaoEi
FNDA:11,_ZN1N7Veiculo7reduzirEv
FNDA:22,_ZN1N7Veiculo7setNomeENSt7__cxx1112basic_stringIcSt11char_traitsIcESaIcEEE
FNDA:55,_ZN1N7Veiculo6getVelEv
FNDA:11,_ZN1N7Veiculo8acelerarEv
FNDA:99,_ZN1N7VeiculoC2Ev
FNDA:22,_ZN1N7Veiculo7getTipoB5cxx11Ev
FNDA:55,_ZN1N7Veiculo10getPosicaoEv
FNDA:22,_ZN1N7Veiculo7setTipoENSt7__cxx1112basic_stringIcSt11char_traitsIcESaIcEEE
FNDA:11,_ZN1N7Veiculo12criarVeiculoEv
FNF:12
FNH:12
DA:10,22
DA:11,22
DA:12,22
DA:13,22
DA:14,33
DA:15,33
DA:16,22
DA:18,11
DA:19,11
DA:21,33
DA:22,55
DA:23,33
DA:24,55
DA:27,11
DA:28,11
DA:29,11
DA:30,11
DA:31,11
DA:32,11
DA:33,11
DA:34,11
DA:35,11
DA:36,11
DA:37,11
DA:38,11
DA:40,11
DA:41,11
DA:42,11
DA:43,11
DA:44,11
DA:45,11
DA:46,11
DA:47,11
DA:48,11
DA:50,11
DA:51,0
DA:53,11
DA:56,99
LF:38
LH:37
end_of_record
TN:
SF:/home/artur/Treinamento/Simulação_de_Tráfego/tests/Teste_Rodovia.cpp
FN:7,_ZN31Teste_Rodovia_Teste_Limite_TestD0Ev
FN:7,_ZN31Teste_Rodovia_Teste_Limite_TestC2Ev
FN:7,_ZN31Teste_Rodovia_Teste_Limite_Test8TestBodyEv
FN:7,_ZN31Teste_Rodovia_Teste_Limite_TestD2Ev
FN:13,_ZN30Teste_Rodovia_Teste_Quant_TestD0Ev
FN:13,_ZN30Teste_Rodovia_Teste_Quant_Test8TestBodyEv
FN:13,_ZN30Teste_Rodovia_Teste_Quant_TestC2Ev
FN:13,_ZN30Teste_Rodovia_Teste_Quant_TestD2Ev
FN:19,_ZN34Teste_Rodovia_Teste_Adicionar_Test8TestBodyEv
FN:19,_ZN34Teste_Rodovia_Teste_Adicionar_TestD0Ev
FN:19,_ZN34Teste_Rodovia_Teste_Adicionar_TestD2Ev
FN:19,_ZN34Teste_Rodovia_Teste_Adicionar_TestC2Ev
FNDA:11,_ZN31Teste_Rodovia_Teste_Limite_TestD2Ev
FNDA:11,_ZN31Teste_Rodovia_Teste_Limite_Test8TestBodyEv
FNDA:11,_ZN30Teste_Rodovia_Teste_Quant_TestD2Ev
FNDA:11,_ZN34Teste_Rodovia_Teste_Adicionar_TestC2Ev
FNDA:11,_ZN31Teste_Rodovia_Teste_Limite_TestC2Ev
FNDA:11,_ZN31Teste_Rodovia_Teste_Limite_TestD0Ev
FNDA:11,_ZN30Teste_Rodovia_Teste_Quant_TestC2Ev
FNDA:11,_ZN34Teste_Rodovia_Teste_Adicionar_TestD2Ev
FNDA:11,_ZN34Teste_Rodovia_Teste_Adicionar_TestD0Ev
FNDA:11,_ZN30Teste_Rodovia_Teste_Quant_Test8TestBodyEv
FNDA:11,_ZN30Teste_Rodovia_Teste_Quant_TestD0Ev
FNDA:11,_ZN34Teste_Rodovia_Teste_Adicionar_Test8TestBodyEv
FNF:12
FNH:12
DA:7,44
DA:8,11
DA:9,11
DA:10,11
DA:11,11
DA:13,44
DA:14,11
DA:15,11
DA:16,11
DA:17,11
DA:19,44
DA:20,11
DA:21,11
DA:22,11
DA:23,11
LF:15
LH:15
end_of_record
TN:
SF:/home/artur/Treinamento/Simulação_de_Tráfego/tests/Teste_Simulador.cpp
FN:7,_ZN30Teste_Simulador_Teste_Num_TestD0Ev
FN:7,_ZN30Teste_Simulador_Teste_Num_TestD2Ev
FN:7,_ZN30Teste_Simulador_Teste_Num_Test8TestBodyEv
FN:7,_ZN30Teste_Simulador_Teste_Num_TestC2Ev
FNDA:11,_ZN30Teste_Simulador_Teste_Num_TestC2Ev
FNDA:11,_ZN30Teste_Simulador_Teste_Num_TestD2Ev
FNDA:11,_ZN30Teste_Simulador_Teste_Num_Test8TestBodyEv
FNDA:11,_ZN30Teste_Simulador_Teste_Num_TestD0Ev
FNF:4
FNH:4
DA:7,44
DA:8,11
DA:9,11
DA:10,11
DA:11,11
LF:5
LH:5
end_of_record
TN:
SF:/home/artur/Treinamento/Simulação_de_Tráfego/tests/Teste_Veiculo.cpp
FN:8,_ZN29Teste_Veiculo_Teste_Nome_TestD0Ev
FN:8,_ZN29Teste_Veiculo_Teste_Nome_TestD2Ev
FN:8,_ZN29Teste_Veiculo_Teste_Nome_Test8TestBodyEv
FN:8,_ZN29Teste_Veiculo_Teste_Nome_TestC2Ev
FN:14,_ZN29Teste_Veiculo_Teste_Tipo_Test8TestBodyEv
FN:14,_ZN29Teste_Veiculo_Teste_Tipo_TestD0Ev
FN:14,_ZN29Teste_Veiculo_Teste_Tipo_TestC2Ev
FN:14,_ZN29Teste_Veiculo_Teste_Tipo_TestD2Ev
FN:20,_ZN32Teste_Veiculo_Teste_Vel_Pos_Test8TestBodyEv
FN:20,_ZN32Teste_Veiculo_Teste_Vel_Pos_TestD0Ev
FN:20,_ZN32Teste_Veiculo_Teste_Vel_Pos_TestC2Ev
FN:20,_ZN32Teste_Veiculo_Teste_Vel_Pos_TestD2Ev
FN:26,_ZN32Teste_Veiculo_Teste_Vel_Neg_Test8TestBodyEv
FN:26,_ZN32Teste_Veiculo_Teste_Vel_Neg_TestD0Ev
FN:26,_ZN32Teste_Veiculo_Teste_Vel_Neg_TestD2Ev
FN:26,_ZN32Teste_Veiculo_Teste_Vel_Neg_TestC2Ev
FN:32,_ZN32Teste_Veiculo_Teste_Posicao_TestC2Ev
FN:32,_ZN32Teste_Veiculo_Teste_Posicao_Test8TestBodyEv
FN:32,_ZN32Teste_Veiculo_Teste_Posicao_TestD0Ev
FN:32,_ZN32Teste_Veiculo_Teste_Posicao_TestD2Ev
FN:38,_ZN33Teste_Veiculo_Teste_Acelerar_TestD0Ev
FN:38,_ZN33Teste_Veiculo_Teste_Acelerar_TestD2Ev
FN:38,_ZN33Teste_Veiculo_Teste_Acelerar_Test8TestBodyEv
FN:38,_ZN33Teste_Veiculo_Teste_Acelerar_TestC2Ev
FN:45,_ZN32Teste_Veiculo_Teste_Reduzir_TestD0Ev
FN:45,_ZN32Teste_Veiculo_Teste_Reduzir_Test8TestBodyEv
FN:45,_ZN32Teste_Veiculo_Teste_Reduzir_TestC2Ev
FN:45,_ZN32Teste_Veiculo_Teste_Reduzir_TestD2Ev
FN:52,_ZN37Teste_Veiculo_Teste_CriarVeiculo_Test8TestBodyEv
FN:52,_ZN37Teste_Veiculo_Teste_CriarVeiculo_TestD2Ev
FN:52,_ZN37Teste_Veiculo_Teste_CriarVeiculo_TestC2Ev
FN:52,_ZN37Teste_Veiculo_Teste_CriarVeiculo_TestD0Ev
FNDA:11,_ZN32Teste_Veiculo_Teste_Vel_Pos_TestD2Ev
FNDA:11,_ZN37Teste_Veiculo_Teste_CriarVeiculo_TestC2Ev
FNDA:11,_ZN32Teste_Veiculo_Teste_Reduzir_TestD2Ev
FNDA:11,_ZN32Teste_Veiculo_Teste_Posicao_TestD2Ev
FNDA:11,_ZN37Teste_Veiculo_Teste_CriarVeiculo_TestD0Ev
FNDA:11,_ZN32Teste_Veiculo_Teste_Vel_Pos_TestD0Ev
FNDA:11,_ZN32Teste_Veiculo_Teste_Vel_Neg_TestD0Ev
FNDA:11,_ZN29Teste_Veiculo_Teste_Nome_TestC2Ev
FNDA:11,_ZN32Teste_Veiculo_Teste_Vel_Neg_TestC2Ev
FNDA:11,_ZN32Teste_Veiculo_Teste_Vel_Neg_TestD2Ev
FNDA:11,_ZN32Teste_Veiculo_Teste_Vel_Pos_TestC2Ev
FNDA:11,_ZN32Teste_Veiculo_Teste_Reduzir_Test8TestBodyEv
FNDA:11,_ZN32Teste_Veiculo_Teste_Posicao_Test8TestBodyEv
FNDA:11,_ZN29Teste_Veiculo_Teste_Tipo_TestD2Ev
FNDA:11,_ZN33Teste_Veiculo_Teste_Acelerar_TestC2Ev
FNDA:11,_ZN33Teste_Veiculo_Teste_Acelerar_Test8TestBodyEv
FNDA:11,_ZN32Teste_Veiculo_Teste_Posicao_TestD0Ev
FNDA:11,_ZN32Teste_Veiculo_Teste_Reduzir_TestC2Ev
FNDA:11,_ZN37Teste_Veiculo_Teste_CriarVeiculo_TestD2Ev
FNDA:11,_ZN33Teste_Veiculo_Teste_Acelerar_TestD2Ev
FNDA:11,_ZN29Teste_Veiculo_Teste_Nome_TestD2Ev
FNDA:11,_ZN29Teste_Veiculo_Teste_Nome_Test8TestBodyEv
FNDA:11,_ZN32Teste_Veiculo_Teste_Vel_Pos_Test8TestBodyEv
FNDA:11,_ZN29Teste_Veiculo_Teste_Tipo_TestC2Ev
FNDA:11,_ZN29Teste_Veiculo_Teste_Tipo_TestD0Ev
FNDA:11,_ZN32Teste_Veiculo_Teste_Vel_Neg_Test8TestBodyEv
FNDA:11,_ZN32Teste_Veiculo_Teste_Posicao_TestC2Ev
FNDA:11,_ZN29Teste_Veiculo_Teste_Tipo_Test8TestBodyEv
FNDA:11,_ZN32Teste_Veiculo_Teste_Reduzir_TestD0Ev
FNDA:11,_ZN33Teste_Veiculo_Teste_Acelerar_TestD0Ev
FNDA:11,_ZN29Teste_Veiculo_Teste_Nome_TestD0Ev
FNDA:11,_ZN37Teste_Veiculo_Teste_CriarVeiculo_Test8TestBodyEv
FNF:32
FNH:32
DA:8,44
DA:9,11
DA:10,11
DA:11,22
DA:12,11
DA:14,44
DA:15,11
DA:16,11
DA:17,22
DA:18,11
DA:20,44
DA:21,11
DA:22,11
DA:23,11
DA:24,11
DA:26,44
DA:27,11
DA:28,11
DA:29,11
DA:30,11
DA:32,44
DA:33,11
DA:34,11
DA:35,11
DA:36,11
DA:38,44
DA:39,11
DA:40,11
DA:41,11
DA:42,11
DA:43,11
DA:45,44
DA:46,11
DA:47,11
DA:48,11
DA:49,11
DA:50,11
DA:52,44
DA:53,22
DA:55,11
DA:57,11
DA:58,11
DA:60,11
DA:62,22
DA:63,22
DA:64,11
DA:65,11
LF:47
LH:47
end_of_record
TN:
SF:/home/artur/Treinamento/Simulação_de_Tráfego/tests/build/_deps/googletest-src/googletest/include/gtest/gtest-assertion-result.h
FN:155,_ZN7testing15AssertionResultC2IbEERKT_PNSt9enable_ifIXntsrSt14is_convertibleIS2_S0_E5valueEvE4typeE
FN:174,_ZNK7testing15AssertionResultcvbEv
FN:183,_ZNK7testing15AssertionResult7messageEv
FN:187,_ZNK7testing15AssertionResult15failure_messageEv
FN:191,_ZN7testing15AssertionResultlsIPKcEERS0_RKT_
FN:191,_ZN7testing15AssertionResultlsINSt7__cxx1112basic_stringIcSt11char_traitsIcESaIcEEEEERS0_RKT_
FN:191,_ZN7testing15AssertionResultlsIA16_cEERS0_RKT_
FN:191,_ZN7testing15AssertionResultlsIA7_cEERS0_RKT_
FN:191,_ZN7testing15AssertionResultlsIdEERS0_RKT_
FN:191,_ZN7testing15AssertionResultlsINSt7__cxx1112basic_stringIwSt11char_traitsIwESaIwEEEEERS0_RKT_
FN:191,_ZN7testing15AssertionResultlsINS_7MessageEEERS0_RKT_
FN:191,_ZN7testing15AssertionResultlsIA6_cEERS0_RKT_
FN:191,_ZN7testing15AssertionResultlsIA3_cEERS0_RKT_
FN:191,_ZN7testing15AssertionResultlsIA29_cEERS0_RKT_
FN:191,_ZN7testing15AssertionResultlsIA11_cEERS0_RKT_
FN:191,_ZN7testing15AssertionResultlsIA14_cEERS0_RKT_
FN:191,_ZN7testing15AssertionResultlsIA27_cEERS0_RKT_
FN:191,_ZN7testing15AssertionResultlsIA15_cEERS0_RKT_
FN:191,_ZN7testing15AssertionResultlsIA5_cEERS0_RKT_
FN:191,_ZN7testing15AssertionResultlsIA2_cEERS0_RKT_
FN:191,_ZN7testing15AssertionResultlsIA12_cEERS0_RKT_
FN:191,_ZN7testing15AssertionResultlsIA24_cEERS0_RKT_
FN:191,_ZN7testing15AssertionResultlsIPKwEERS0_RKT_
FN:191,_ZN7testing15AssertionResultlsIA13_cEERS0_RKT_
FN:191,_ZN7testing15AssertionResultlsIA100_cEERS0_RKT_
FN:191,_ZN7testing15AssertionResultlsIA106_cEERS0_RKT_
FN:191,_ZN7testing15AssertionResultlsINS_14TestPartResultEEERS0_RKT_
FN:191,_ZN7testing15AssertionResultlsIA17_cEERS0_RKT_
FN:191,_ZN7testing15AssertionResultlsIA9_cEERS0_RKT_
FN:206,_ZN7testing15AssertionResult13AppendMessageERKNS_7MessageE
FNDA:0,_ZN7testing15AssertionResultlsIA6_cEERS0_RKT_
FNDA:0,_ZN7testing15AssertionResultlsIA3_cEERS0_RKT_
FNDA:0,_ZN7testing15AssertionResult13AppendMessageERKNS_7MessageE
FNDA:0,_ZN7testing15AssertionResultlsIA14_cEERS0_RKT_
FNDA:0,_ZN7testing15AssertionResultlsIA11_cEERS0_RKT_
FNDA:0,_ZNK7testing15AssertionResult15failure_messageEv
FNDA:0,_ZN7testing15AssertionResultlsIA29_cEERS0_RKT_
FNDA:176,_ZN7testing15AssertionResultC2IbEERKT_PNSt9enable_ifIXntsrSt14is_convertibleIS2_S0_E5valueEvE4typeE
FNDA:0,_ZN7testing15AssertionResultlsINS_7MessageEEERS0_RKT_
FNDA:0,_ZN7testing15AssertionResultlsINSt7__cxx1112basic_stringIwSt11char_traitsIwESaIwEEEEERS0_RKT_
FNDA:0,_ZN7testing15AssertionResultlsIA7_cEERS0_RKT_
FNDA:176,_ZNK7testing15AssertionResultcvbEv
FNDA:0,_ZN7testing15AssertionResultlsIdEERS0_RKT_
FNDA:0,_ZN7testing15AssertionResultlsINSt7__cxx1112basic_stringIcSt11char_traitsIcESaIcEEEEERS0_RKT_
FNDA:0,_ZN7testing15AssertionResultlsIA16_cEERS0_RKT_
FNDA:0,_ZN7testing15AssertionResultlsIPKcEERS0_RKT_
FNDA:0,_ZN7testing15AssertionResultlsIA106_cEERS0_RKT_
FNDA:0,_ZN7testing15AssertionResultlsIA17_cEERS0_RKT_
FNDA:0,_ZN7testing15AssertionResultlsIA9_cEERS0_RKT_
FNDA:0,_ZN7testing15AssertionResultlsINS_14TestPartResultEEERS0_RKT_
FNDA:0,_ZN7testing15AssertionResultlsIA24_cEERS0_RKT_
FNDA:0,_ZN7testing15AssertionResultlsIA12_cEERS0_RKT_
FNDA:0,_ZN7testing15AssertionResultlsIA100_cEERS0_RKT_
FNDA:0,_ZN7testing15AssertionResultlsIA13_cEERS0_RKT_
FNDA:0,_ZN7testing15AssertionResultlsIPKwEERS0_RKT_
FNDA:0,_ZN7testing15AssertionResultlsIA2_cEERS0_RKT_
FNDA:0,_ZN7testing15AssertionResultlsIA27_cEERS0_RKT_
FNDA:0,_ZN7testing15AssertionResultlsIA5_cEERS0_RKT_
FNDA:0,_ZN7testing15AssertionResultlsIA15_cEERS0_RKT_
FNDA:0,_ZNK7testing15AssertionResult7messageEv
FNF:30
FNH:2
DA:155,176
DA:161,176
DA:174,176
DA:183,0
DA:184,0
DA:187,0
DA:191,0
DA:192,0
DA:193,0
DA:206,0
DA:207,0
DA:208,0
DA:209,0
LF:13
LH:3
end_of_record
TN:
SF:/home/artur/Treinamento/Simulação_de_Tráfego/tests/build/_deps/googletest-src/googletest/include/gtest/gtest-matchers.h
FN:82,_ZN7testing19MatchResultListenerC2EPSo
FN:94,_ZN7testing19MatchResultListener6streamEv
FN:109,_ZN7testing19MatchResultListenerD2Ev
FN:109,_ZN7testing19MatchResultListenerD0Ev
FN:115,_ZN7testing25MatcherDescriberInterfaceD0Ev
FN:115,_ZN7testing25MatcherDescriberInterfaceD2Ev
FN:130,_ZNK7testing25MatcherDescriberInterface18DescribeNegationToEPSo
FN:183,_ZNK7testing8internal5AnyEqclINSt7__cxx1112basic_stringIcSt11char_traitsIcESaIcEEES8_EEbRKT_RKT0_
FN:221,_ZN7testing8internal24DummyMatchResultListenerC2Ev
FN:245,_ZN7testing8internal17SharedPayloadBase5UnrefEv
FN:251,_ZN7testing8internal13SharedPayloadINS0_9EqMatcherINSt7__cxx1112basic_stringIcSt11char_traitsIcESaIcEEEEEEC2EOS9_
FN:253,_ZN7testing8internal13SharedPayloadINS0_9EqMatcherINSt7__cxx1112basic_stringIcSt11char_traitsIcESaIcEEEEEE7DestroyEPNS0_17SharedPayloadBaseE
FN:268,_ZNK7testing8internal11MatcherBaseIRKNSt7__cxx1112basic_stringIcSt11char_traitsIcESaIcEEEE15MatchAndExplainES9_PNS_19MatchResultListenerE
FN:274,_ZNK7testing8internal11MatcherBaseIRKNSt7__cxx1112basic_stringIcSt11char_traitsIcESaIcEEEE7MatchesES9_
FN:280,_ZNK7testing8internal11MatcherBaseINSt7__cxx1112basic_stringIcSt11char_traitsIcESaIcEEEE10DescribeToEPSo
FN:280,_ZNK7testing8internal11MatcherBaseIRKNSt7__cxx1112basic_stringIcSt11char_traitsIcESaIcEEEE10DescribeToEPSo
FN:286,_ZNK7testing8internal11MatcherBaseINSt7__cxx1112basic_stringIcSt11char_traitsIcESaIcEEEE18DescribeNegationToEPSo
FN:286,_ZNK7testing8internal11MatcherBaseIRKNSt7__cxx1112basic_stringIcSt11char_traitsIcESaIcEEEE18DescribeNegationToEPSo
FN:306,_ZN7testing8internal11MatcherBaseIRKNSt7__cxx1112basic_stringIcSt11char_traitsIcESaIcEEEEC2Ev
FN:306,_ZN7testing8internal11MatcherBaseINSt7__cxx1112basic_stringIcSt11char_traitsIcESaIcEEEEC2Ev
FN:317,_ZN7testing8internal11MatcherBaseIRKNSt7__cxx1112basic_stringIcSt11char_traitsIcESaIcEEEEC2INS0_9EqMatcherIS7_EEvEEOT_
FN:317,_ZN7testing8internal11MatcherBaseINSt7__cxx1112basic_stringIcSt11char_traitsIcESaIcEEEEC2INS0_9EqMatcherIS7_EEvEEOT_
FN:335,_ZN7testing8internal11MatcherBaseIRKNSt7__cxx1112basic_stringIcSt11char_traitsIcESaIcEEEEC2EOSA_
FN:340,_ZN7testing8internal11MatcherBaseIRKNSt7__cxx1112basic_stringIcSt11char_traitsIcESaIcEEEEaSEOSA_
FN:340,_ZN7testing8internal11MatcherBaseINSt7__cxx1112basic_stringIcSt11char_traitsIcESaIcEEEEaSEOS8_
FN:349,_ZN7testing8internal11MatcherBaseIRKNSt7__cxx1112basic_stringIcSt11char_traitsIcESaIcEEEED0Ev
FN:349,_ZN7testing8internal11MatcherBaseIRKNSt7__cxx1112basic_stringIcSt11char_traitsIcESaIcEEEED2Ev
FN:349,_ZN7testing8internal11MatcherBaseINSt7__cxx1112basic_stringIcSt11char_traitsIcESaIcEEEED0Ev
FN:349,_ZN7testing8internal11MatcherBaseINSt7__cxx1112basic_stringIcSt11char_traitsIcESaIcEEEED2Ev
FN:363,_ZNK7testing8internal11MatcherBaseIRKNSt7__cxx1112basic_stringIcSt11char_traitsIcESaIcEEEE8IsSharedEv
FN:363,_ZNK7testing8internal11MatcherBaseINSt7__cxx1112basic_stringIcSt11char_traitsIcESaIcEEEE8IsSharedEv
FN:369,_ZN7testing8internal11MatcherBaseIRKNSt7__cxx1112basic_stringIcSt11char_traitsIcESaIcEEEE19MatchAndExplainImplINSA_11ValuePolicyINS0_9EqMatcherIS7_EELb0EEEEEDTcldtclsrT_3Getfp_E15MatchAndExplainfp0_clptfp1_L_ZNS_19MatchResultListener6streamEvEEEERKSA_S9_PSH_
FN:369,_ZN7testing8internal11MatcherBaseINSt7__cxx1112basic_stringIcSt11char_traitsIcESaIcEEEE19MatchAndExplainImplINS8_11ValuePolicyINS0_9EqMatcherIS7_EELb0EEEEEDTcldtclsrT_3Getfp_E15MatchAndExplainfp0_clptfp1_L_ZNS_19MatchResultListener6streamEvEEEERKS8_RKS7_PSF_
FN:383,_ZN7testing8internal11MatcherBaseIRKNSt7__cxx1112basic_stringIcSt11char_traitsIcESaIcEEEE12DescribeImplINSA_11ValuePolicyINS0_9EqMatcherIS7_EELb0EEEEEvRKSA_PSob
FN:383,_ZN7testing8internal11MatcherBaseINSt7__cxx1112basic_stringIcSt11char_traitsIcESaIcEEEE12DescribeImplINS8_11ValuePolicyINS0_9EqMatcherIS7_EELb0EEEEEvRKS8_PSob
FN:393,_ZN7testing8internal11MatcherBaseINSt7__cxx1112basic_stringIcSt11char_traitsIcESaIcEEEE16GetDescriberImplINS8_11ValuePolicyINS0_9EqMatcherIS7_EELb0EEEEEPKNS_25MatcherDescriberInterfaceERKS8_
FN:393,_ZN7testing8internal11MatcherBaseIRKNSt7__cxx1112basic_stringIcSt11char_traitsIcESaIcEEEE16GetDescriberImplINSA_11ValuePolicyINS0_9EqMatcherIS7_EELb0EEEEEPKNS_25MatcherDescriberInterfaceERKSA_
FN:409,_ZN7testing8internal11MatcherBaseINSt7__cxx1112basic_stringIcSt11char_traitsIcESaIcEEEE9GetVTableINS8_11ValuePolicyINS0_9EqMatcherIS7_EELb0EEEEEPKNS8_6VTableEv
FN:409,_ZN7testing8internal11MatcherBaseIRKNSt7__cxx1112basic_stringIcSt11char_traitsIcESaIcEEEE9GetVTableINSA_11ValuePolicyINS0_9EqMatcherIS7_EELb0EEEEEPKNSA_6VTableEv
FN:425,_ZN7testing8internal11MatcherBaseINSt7__cxx1112basic_stringIcSt11char_traitsIcESaIcEEEE7DestroyEv
FN:425,_ZN7testing8internal11MatcherBaseIRKNSt7__cxx1112basic_stringIcSt11char_traitsIcESaIcEEEE7DestroyEv
FN:456,_ZN7testing8internal11MatcherBaseINSt7__cxx1112basic_stringIcSt11char_traitsIcESaIcEEEE11ValuePolicyINS0_9EqMatcherIS7_EELb0EE3GetERKS8_
FN:456,_ZN7testing8internal11MatcherBaseIRKNSt7__cxx1112basic_stringIcSt11char_traitsIcESaIcEEEE11ValuePolicyINS0_9EqMatcherIS7_EELb0EE3GetERKSA_
FN:460,_ZN7testing8internal11MatcherBaseIRKNSt7__cxx1112basic_stringIcSt11char_traitsIcESaIcEEEE11ValuePolicyINS0_9EqMatcherIS7_EELb0EE4InitISD_EEvRSA_OT_
FN:460,_ZN7testing8internal11MatcherBaseINSt7__cxx1112basic_stringIcSt11char_traitsIcESaIcEEEE11ValuePolicyINS0_9EqMatcherIS7_EELb0EE4InitISB_EEvRS8_OT_
FN:481,_ZN7testing8internal11MatcherBaseIRKNSt7__cxx1112basic_stringIcSt11char_traitsIcESaIcEEEE4InitINS0_9EqMatcherIS7_EEEEvOT_
FN:481,_ZN7testing8internal11MatcherBaseINSt7__cxx1112basic_stringIcSt11char_traitsIcESaIcEEEE4InitINS0_9EqMatcherIS7_EEEEvOT_
FN:540,_ZN7testing7MatcherIRKNSt7__cxx1112basic_stringIcSt11char_traitsIcESaIcEEEEC2INS_8internal9EqMatcherIS6_EEvEEOT_
FN:564,_ZN7testing7MatcherINSt7__cxx1112basic_stringIcSt11char_traitsIcESaIcEEEEC2INS_8internal9EqMatcherIS6_EEvEEOT_
FN:730,_ZN7testing8internal14ComparisonBaseINS0_9EqMatcherINSt7__cxx1112basic_stringIcSt11char_traitsIcESaIcEEEEES8_NS0_5AnyEqEEC2ERKS8_
FN:735,_ZNK7testing8internal14ComparisonBaseINS0_9EqMatcherINSt7__cxx1112basic_stringIcSt11char_traitsIcESaIcEEEEES8_NS0_5AnyEqEE15MatchAndExplainIS8_EEbRKT_PSo
FN:738,_ZNK7testing8internal14ComparisonBaseINS0_9EqMatcherINSt7__cxx1112basic_stringIcSt11char_traitsIcESaIcEEEEES8_NS0_5AnyEqEE10DescribeToEPSo
FN:742,_ZNK7testing8internal14ComparisonBaseINS0_9EqMatcherINSt7__cxx1112basic_stringIcSt11char_traitsIcESaIcEEEEES8_NS0_5AnyEqEE18DescribeNegationToEPSo
FN:749,_ZN7testing8internal14ComparisonBaseINS0_9EqMatcherINSt7__cxx1112basic_stringIcSt11char_traitsIcESaIcEEEEES8_NS0_5AnyEqEE6UnwrapIS8_EERKT_SF_
FN:763,_ZN7testing8internal9EqMatcherINSt7__cxx1112basic_stringIcSt11char_traitsIcESaIcEEEEC2ERKS7_
FN:765,_ZN7testing8internal9EqMatcherINSt7__cxx1112basic_stringIcSt11char_traitsIcESaIcEEEE4DescEv
FN:766,_ZN7testing8internal9EqMatcherINSt7__cxx1112basic_stringIcSt11char_traitsIcESaIcEEEE11NegatedDescEv
FN:895,_ZN7testing2EqINSt7__cxx1112basic_stringIcSt11char_traitsIcESaIcEEEEENS_8internal9EqMatcherIT_EES9_
FNDA:0,_ZN7testing25MatcherDescriberInterfaceD2Ev
FNDA:0,_ZNK7testing8internal11MatcherBaseIRKNSt7__cxx1112basic_stringIcSt11char_traitsIcESaIcEEEE18DescribeNegationToEPSo
FNDA:0,_ZN7testing8internal11MatcherBaseINSt7__cxx1112basic_stringIcSt11char_traitsIcESaIcEEEED0Ev
FNDA:0,_ZN7testing19MatchResultListenerC2EPSo
FNDA:0,_ZN7testing8internal11MatcherBaseIRKNSt7__cxx1112basic_stringIcSt11char_traitsIcESaIcEEEEaSEOSA_
FNDA:0,_ZN7testing8internal11MatcherBaseINSt7__cxx1112basic_stringIcSt11char_traitsIcESaIcEEEE19MatchAndExplainImplINS8_11ValuePolicyINS0_9EqMatcherIS7_EELb0EEEEEDTcldtclsrT_3Getfp_E15MatchAndExplainfp0_clptfp1_L_ZNS_19MatchResultListener6streamEvEEEERKS8_RKS7_PSF_
FNDA:0,_ZNK7testing8internal11MatcherBaseIRKNSt7__cxx1112basic_stringIcSt11char_traitsIcESaIcEEEE8IsSharedEv
FNDA:0,_ZN7testing7MatcherINSt7__cxx1112basic_stringIcSt11char_traitsIcESaIcEEEEC2INS_8internal9EqMatcherIS6_EEvEEOT_
FNDA:0,_ZN7testing8internal11MatcherBaseINSt7__cxx1112basic_stringIcSt11char_traitsIcESaIcEEEEaSEOS8_
FNDA:0,_ZN7testing8internal11MatcherBaseIRKNSt7__cxx1112basic_stringIcSt11char_traitsIcESaIcEEEED2Ev
FNDA:0,_ZNK7testing8internal14ComparisonBaseINS0_9EqMatcherINSt7__cxx1112basic_stringIcSt11char_traitsIcESaIcEEEEES8_NS0_5AnyEqEE15MatchAndExplainIS8_EEbRKT_PSo
FNDA:0,_ZN7testing8internal11MatcherBaseIRKNSt7__cxx1112basic_stringIcSt11char_traitsIcESaIcEEEE16GetDescriberImplINSA_11ValuePolicyINS0_9EqMatcherIS7_EELb0EEEEEPKNS_25MatcherDescriberInterfaceERKSA_
FNDA:0,_ZN7testing19MatchResultListenerD0Ev
FNDA:0,_ZN7testing8internal11MatcherBaseINSt7__cxx1112basic_stringIcSt11char_traitsIcESaIcEEEE12DescribeImplINS8_11ValuePolicyINS0_9EqMatcherIS7_EELb0EEEEEvRKS8_PSob
FNDA:0,_ZN7testing8internal11MatcherBaseIRKNSt7__cxx1112basic_stringIcSt11char_traitsIcESaIcEEEEC2EOSA_
FNDA:0,_ZN7testing8internal11MatcherBaseIRKNSt7__cxx1112basic_stringIcSt11char_traitsIcESaIcEEEE11ValuePolicyINS0_9EqMatcherIS7_EELb0EE3GetERKSA_
FNDA:0,_ZN7testing8internal11MatcherBaseINSt7__cxx1112basic_stringIcSt11char_traitsIcESaIcEEEED2Ev
FNDA:0,_ZN7testing8internal14ComparisonBaseINS0_9EqMatcherINSt7__cxx1112basic_stringIcSt11char_traitsIcESaIcEEEEES8_NS0_5AnyEqEE6UnwrapIS8_EERKT_SF_
FNDA:0,_ZN7testing8internal11MatcherBaseINSt7__cxx1112basic_stringIcSt11char_traitsIcESaIcEEEE11ValuePolicyINS0_9EqMatcherIS7_EELb0EE3GetERKS8_
FNDA:0,_ZN7testing8internal11MatcherBaseINSt7__cxx1112basic_stringIcSt11char_traitsIcESaIcEEEE16GetDescriberImplINS8_11ValuePolicyINS0_9EqMatcherIS7_EELb0EEEEEPKNS_25MatcherDescriberInterfaceERKS8_
FNDA:0,_ZN7testing8internal11MatcherBaseIRKNSt7__cxx1112basic_stringIcSt11char_traitsIcESaIcEEEE12DescribeImplINSA_11ValuePolicyINS0_9EqMatcherIS7_EELb0EEEEEvRKSA_PSob
FNDA:0,_ZN7testing19MatchResultListenerD2Ev
FNDA:0,_ZNK7testing25MatcherDescriberInterface18DescribeNegationToEPSo
FNDA:0,_ZN7testing8internal9EqMatcherINSt7__cxx1112basic_stringIcSt11char_traitsIcESaIcEEEE11NegatedDescEv
FNDA:0,_ZNK7testing8internal11MatcherBaseINSt7__cxx1112basic_stringIcSt11char_traitsIcESaIcEEEE8IsSharedEv
FNDA:0,_ZNK7testing8internal11MatcherBaseINSt7__cxx1112basic_stringIcSt11char_traitsIcESaIcEEEE18DescribeNegationToEPSo
FNDA:0,_ZN7testing8internal11MatcherBaseINSt7__cxx1112basic_stringIcSt11char_traitsIcESaIcEEEE11ValuePolicyINS0_9EqMatcherIS7_EELb0EE4InitISB_EEvRS8_OT_
FNDA:0,_ZNK7testing8internal11MatcherBaseINSt7__cxx1112basic_stringIcSt11char_traitsIcESaIcEEEE10DescribeToEPSo
FNDA:0,_ZN7testing8internal11MatcherBaseINSt7__cxx1112basic_stringIcSt11char_traitsIcESaIcEEEE4InitINS0_9EqMatcherIS7_EEEEvOT_
FNDA:0,_ZN7testing8internal11MatcherBaseIRKNSt7__cxx1112basic_stringIcSt11char_traitsIcESaIcEEEED0Ev
FNDA:0,_ZN7testing8internal14ComparisonBaseINS0_9EqMatcherINSt7__cxx1112basic_stringIcSt11char_traitsIcESaIcEEEEES8_NS0_5AnyEqEEC2ERKS8_
FNDA:0,_ZN7testing8internal13SharedPayloadINS0_9EqMatcherINSt7__cxx1112basic_stringIcSt11char_traitsIcESaIcEEEEEEC2EOS9_
FNDA:0,_ZN7testing8internal11MatcherBaseIRKNSt7__cxx1112basic_stringIcSt11char_traitsIcESaIcEEEE4InitINS0_9EqMatcherIS7_EEEEvOT_
FNDA:0,_ZN7testing2EqINSt7__cxx1112basic_stringIcSt11char_traitsIcESaIcEEEEENS_8internal9EqMatcherIT_EES9_
FNDA:0,_ZN7testing8internal11MatcherBaseIRKNSt7__cxx1112basic_stringIcSt11char_traitsIcESaIcEEEE19MatchAndExplainImplINSA_11ValuePolicyINS0_9EqMatcherIS7_EELb0EEEEEDTcldtclsrT_3Getfp_E15MatchAndExplainfp0_clptfp1_L_ZNS_19MatchResultListener6streamEvEEEERKSA_S9_PSH_
FNDA:0,_ZN7testing8internal11MatcherBaseINSt7__cxx1112basic_stringIcSt11char_traitsIcESaIcEEEE7DestroyEv
FNDA:0,_ZN7testing8internal17SharedPayloadBase5UnrefEv
FNDA:0,_ZN7testing25MatcherDescriberInterfaceD0Ev
FNDA:0,_ZN7testing8internal11MatcherBaseIRKNSt7__cxx1112basic_stringIcSt11char_traitsIcESaIcEEEEC2INS0_9EqMatcherIS7_EEvEEOT_
FNDA:0,_ZNK7testing8internal11MatcherBaseIRKNSt7__cxx1112basic_stringIcSt11char_traitsIcESaIcEEEE15MatchAndExplainES9_PNS_19MatchResultListenerE
FNDA:0,_ZN7testing8internal11MatcherBaseIRKNSt7__cxx1112basic_stringIcSt11char_traitsIcESaIcEEEE11ValuePolicyINS0_9EqMatcherIS7_EELb0EE4InitISD_EEvRSA_OT_
FNDA:0,_ZN7testing8internal11MatcherBaseINSt7__cxx1112basic_stringIcSt11char_traitsIcESaIcEEEE9GetVTableINS8_11ValuePolicyINS0_9EqMatcherIS7_EELb0EEEEEPKNS8_6VTableEv
FNDA:0,_ZN7testing8internal11MatcherBaseIRKNSt7__cxx1112basic_stringIcSt11char_traitsIcESaIcEEEEC2Ev
FNDA:0,_ZNK7testing8internal5AnyEqclINSt7__cxx1112basic_stringIcSt11char_traitsIcESaIcEEES8_EEbRKT_RKT0_
FNDA:0,_ZN7testing8internal11MatcherBaseIRKNSt7__cxx1112basic_stringIcSt11char_traitsIcESaIcEEEE9GetVTableINSA_11ValuePolicyINS0_9EqMatcherIS7_EELb0EEEEEPKNSA_6VTableEv
FNDA:0,_ZN7testing7MatcherIRKNSt7__cxx1112basic_stringIcSt11char_traitsIcESaIcEEEEC2INS_8internal9EqMatcherIS6_EEvEEOT_
FNDA:0,_ZN7testing8internal9EqMatcherINSt7__cxx1112basic_stringIcSt11char_traitsIcESaIcEEEEC2ERKS7_
FNDA:0,_ZN7testing8internal11MatcherBaseINSt7__cxx1112basic_stringIcSt11char_traitsIcESaIcEEEEC2Ev
FNDA:0,_ZNK7testing8internal11MatcherBaseIRKNSt7__cxx1112basic_stringIcSt11char_traitsIcESaIcEEEE10DescribeToEPSo
FNDA:0,_ZN7testing8internal9EqMatcherINSt7__cxx1112basic_stringIcSt11char_traitsIcESaIcEEEE4DescEv
FNDA:0,_ZNK7testing8internal14ComparisonBaseINS0_9EqMatcherINSt7__cxx1112basic_stringIcSt11char_traitsIcESaIcEEEEES8_NS0_5AnyEqEE18DescribeNegationToEPSo
FNDA:0,_ZN7testing8internal11MatcherBaseIRKNSt7__cxx1112basic_stringIcSt11char_traitsIcESaIcEEEE7DestroyEv
FNDA:0,_ZN7testing8internal13SharedPayloadINS0_9EqMatcherINSt7__cxx1112basic_stringIcSt11char_traitsIcESaIcEEEEEE7DestroyEPNS0_17SharedPayloadBaseE
FNDA:0,_ZNK7testing8internal11MatcherBaseIRKNSt7__cxx1112basic_stringIcSt11char_traitsIcESaIcEEEE7MatchesES9_
FNDA:0,_ZN7testing8internal11MatcherBaseINSt7__cxx1112basic_stringIcSt11char_traitsIcESaIcEEEEC2INS0_9EqMatcherIS7_EEvEEOT_
FNDA:0,_ZN7testing8internal24DummyMatchResultListenerC2Ev
FNDA:0,_ZNK7testing8internal14ComparisonBaseINS0_9EqMatcherINSt7__cxx1112basic_stringIcSt11char_traitsIcESaIcEEEEES8_NS0_5AnyEqEE10DescribeToEPSo
FNDA:0,_ZN7testing19MatchResultListener6streamEv
FNF:58
FNH:0
DA:82,0
DA:94,0
DA:109,0
DA:115,0
DA:130,0
DA:131,0
DA:132,0
DA:133,0
DA:134,0
DA:183,0
DA:184,0
DA:221,0
DA:245,0
DA:251,0
DA:253,0
DA:254,0
DA:255,0
DA:268,0
DA:269,0
DA:270,0
DA:274,0
DA:275,0
DA:276,0
DA:277,0
DA:280,0
DA:281,0
DA:282,0
DA:283,0
DA:286,0
DA:287,0
DA:288,0
DA:289,0
DA:306,0
DA:317,0
DA:318,0
DA:319,0
DA:335,0
DA:336,0
DA:337,0
DA:338,0
DA:340,0
DA:341,0
DA:342,0
DA:343,0
DA:344,0
DA:345,0
DA:346,0
DA:349,0
DA:363,0
DA:364,0
DA:369,0
DA:372,0
DA:383,0
DA:385,0
DA:386,0
DA:388,0
DA:390,0
DA:393,0
DA:405,0
DA:409,0
DA:413,0
DA:425,0
DA:426,0
DA:427,0
DA:429,0
DA:456,0
DA:457,0
DA:460,0
DA:461,0
DA:462,0
DA:481,0
DA:484,0
DA:485,0
DA:486,0
DA:540,0
DA:541,0
DA:564,0
DA:565,0
DA:730,0
DA:735,0
DA:736,0
DA:738,0
DA:739,0
DA:740,0
DA:741,0
DA:742,0
DA:743,0
DA:744,0
DA:745,0
DA:749,0
DA:750,0
DA:763,0
DA:764,0
DA:765,0
DA:766,0
DA:895,0
DA:896,0
LF:97
LH:0
end_of_record
TN:
SF:/home/artur/Treinamento/Simulação_de_Tráfego/tests/build/_deps/googletest-src/googletest/include/gtest/gtest-message.h
FN:103,_ZN7testing7MessageC2ERKS0_
FN:114,_ZN7testing7MessagelsIA4_cEERS0_RKT_
FN:114,_ZN7testing7MessagelsIA106_cEERS0_RKT_
FN:114,_ZN7testing7MessagelsIA29_cEERS0_RKT_
FN:114,_ZN7testing7MessagelsIA93_cEERS0_RKT_
FN:114,_ZN7testing7MessagelsIA28_cEERS0_RKT_
FN:114,_ZN7testing7MessagelsIA51_cEERS0_RKT_
FN:114,_ZN7testing7MessagelsIA39_cEERS0_RKT_
FN:114,_ZN7testing7MessagelsIA10_cEERS0_RKT_
FN:114,_ZN7testing7MessagelsIA41_cEERS0_RKT_
FN:114,_ZN7testing7MessagelsIA35_cEERS0_RKT_
FN:114,_ZN7testing7MessagelsIA53_cEERS0_RKT_
FN:114,_ZN7testing7MessagelsIA19_cEERS0_RKT_
FN:114,_ZN7testing7MessagelsIA40_cEERS0_RKT_
FN:114,_ZN7testing7MessagelsIA3_cEERS0_RKT_
FN:114,_ZN7testing7MessagelsIA27_cEERS0_RKT_
FN:114,_ZN7testing7MessagelsIA18_cEERS0_RKT_
FN:114,_ZN7testing7MessagelsIiEERS0_RKT_
FN:114,_ZN7testing7MessagelsIA60_cEERS0_RKT_
FN:114,_ZN7testing7MessagelsIS0_EERS0_RKT_
FN:114,_ZN7testing7MessagelsIA16_cEERS0_RKT_
FN:114,_ZN7testing7MessagelsIA33_cEERS0_RKT_
FN:114,_ZN7testing7MessagelsIA5_cEERS0_RKT_
FN:114,_ZN7testing7MessagelsIA68_cEERS0_RKT_
FN:114,_ZN7testing7MessagelsIA12_cEERS0_RKT_
FN:114,_ZN7testing7MessagelsIA6_cEERS0_RKT_
FN:114,_ZN7testing7MessagelsIA14_cEERS0_RKT_
FN:114,_ZN7testing7MessagelsIA7_cEERS0_RKT_
FN:114,_ZN7testing7MessagelsIA50_cEERS0_RKT_
FN:114,_ZN7testing7MessagelsIA20_cEERS0_RKT_
FN:114,_ZN7testing7MessagelsIA15_cEERS0_RKT_
FN:114,_ZN7testing7MessagelsIA32_cEERS0_RKT_
FN:114,_ZN7testing7MessagelsIcEERS0_RKT_
FN:114,_ZN7testing7MessagelsIA256_cEERS0_RKT_
FN:114,_ZN7testing7MessagelsIA17_cEERS0_RKT_
FN:114,_ZN7testing7MessagelsIA63_cEERS0_RKT_
FN:114,_ZN7testing7MessagelsIlEERS0_RKT_
FN:114,_ZN7testing7MessagelsIA47_cEERS0_RKT_
FN:114,_ZN7testing7MessagelsIA2_cEERS0_RKT_
FN:114,_ZN7testing7MessagelsIA65_cEERS0_RKT_
FN:114,_ZN7testing7MessagelsIA22_cEERS0_RKT_
FN:114,_ZN7testing7MessagelsImEERS0_RKT_
FN:114,_ZN7testing7MessagelsINSt7__cxx1112basic_stringIcSt11char_traitsIcESaIcEEEEERS0_RKT_
FN:114,_ZN7testing7MessagelsIA62_cEERS0_RKT_
FN:114,_ZN7testing7MessagelsIA24_cEERS0_RKT_
FN:114,_ZN7testing7MessagelsIA9_cEERS0_RKT_
FN:114,_ZN7testing7MessagelsIA21_cEERS0_RKT_
FN:114,_ZN7testing7MessagelsINS_14TestPartResultEEERS0_RKT_
FN:114,_ZN7testing7MessagelsIA52_cEERS0_RKT_
FN:114,_ZN7testing7MessagelsIA38_cEERS0_RKT_
FN:114,_ZN7testing7MessagelsIA100_cEERS0_RKT_
FN:114,_ZN7testing7MessagelsIA11_cEERS0_RKT_
FN:114,_ZN7testing7MessagelsIdEERS0_RKT_
FN:114,_ZN7testing7MessagelsIA13_cEERS0_RKT_
FN:114,_ZN7testing7MessagelsIA8_cEERS0_RKT_
FN:114,_ZN7testing7MessagelsIA30_cEERS0_RKT_
FN:114,_ZN7testing7MessagelsIA48_cEERS0_RKT_
FN:114,_ZN7testing7MessagelsIA25_cEERS0_RKT_
FN:114,_ZN7testing7MessagelsIA61_cEERS0_RKT_
FN:148,_ZN7testing7MessagelsIKcEERS0_RKPT_
FN:148,_ZN7testing7MessagelsIcEERS0_RKPT_
FN:198,_ZN7testinglsERSoRKNS_7MessageE
FN:209,_ZN7testing8internal18StreamableToStringIiEENSt7__cxx1112basic_stringIcSt11char_traitsIcESaIcEEERKT_
FN:209,_ZN7testing8internal18StreamableToStringIlEENSt7__cxx1112basic_stringIcSt11char_traitsIcESaIcEEERKT_
FN:209,_ZN7testing8internal18StreamableToStringIPcEENSt7__cxx1112basic_stringIcSt11char_traitsIcESaIcEEERKT_
FN:209,_ZN7testing8internal18StreamableToStringIPwEENSt7__cxx1112basic_stringIcSt11char_traitsIcESaIcEEERKT_
FNDA:0,_ZN7testing7MessagelsIA17_cEERS0_RKT_
FNDA:0,_ZN7testing7MessagelsIA256_cEERS0_RKT_
FNDA:41400,_ZN7testing7MessagelsIcEERS0_RKT_
FNDA:0,_ZN7testing7MessagelsIA47_cEERS0_RKT_
FNDA:336,_ZN7testing7MessagelsIlEERS0_RKT_
FNDA:0,_ZN7testing7MessagelsIA63_cEERS0_RKT_
FNDA:0,_ZN7testing7MessagelsIA22_cEERS0_RKT_
FNDA:0,_ZN7testing7MessagelsIA65_cEERS0_RKT_
FNDA:0,_ZN7testing7MessagelsImEERS0_RKT_
FNDA:0,_ZN7testing7MessagelsIA62_cEERS0_RKT_
FNDA:486,_ZN7testing8internal18StreamableToStringIPcEENSt7__cxx1112basic_stringIcSt11char_traitsIcESaIcEEERKT_
FNDA:0,_ZN7testing7MessagelsINSt7__cxx1112basic_stringIcSt11char_traitsIcESaIcEEEEERS0_RKT_
FNDA:0,_ZN7testing7MessagelsIA2_cEERS0_RKT_
FNDA:0,_ZN7testing7MessagelsIA9_cEERS0_RKT_
FNDA:0,_ZN7testing7MessagelsIA24_cEERS0_RKT_
FNDA:0,_ZN7testing7MessagelsINS_14TestPartResultEEERS0_RKT_
FNDA:0,_ZN7testing7MessagelsIA21_cEERS0_RKT_
FNDA:0,_ZN7testing7MessagelsIA100_cEERS0_RKT_
FNDA:0,_ZN7testing7MessagelsIA11_cEERS0_RKT_
FNDA:0,_ZN7testing7MessagelsIA38_cEERS0_RKT_
FNDA:0,_ZN7testing7MessagelsIA52_cEERS0_RKT_
FNDA:0,_ZN7testing7MessagelsIA30_cEERS0_RKT_
FNDA:0,_ZN7testing7MessagelsIA48_cEERS0_RKT_
FNDA:0,_ZN7testing7MessagelsIA25_cEERS0_RKT_
FNDA:0,_ZN7testing8internal18StreamableToStringIPwEENSt7__cxx1112basic_stringIcSt11char_traitsIcESaIcEEERKT_
FNDA:0,_ZN7testing7MessagelsIA8_cEERS0_RKT_
FNDA:0,_ZN7testing7MessagelsIA13_cEERS0_RKT_
FNDA:0,_ZN7testing7MessagelsIdEERS0_RKT_
FNDA:486,_ZN7testing7MessagelsIcEERS0_RKPT_
FNDA:0,_ZN7testing7MessagelsIA61_cEERS0_RKT_
FNDA:0,_ZN7testing7MessagelsIA28_cEERS0_RKT_
FNDA:0,_ZN7testing7MessagelsIA93_cEERS0_RKT_
FNDA:0,_ZN7testing7MessagelsIA29_cEERS0_RKT_
FNDA:0,_ZN7testing7MessagelsIA4_cEERS0_RKT_
FNDA:0,_ZN7testing7MessagelsIA106_cEERS0_RKT_
FNDA:0,_ZN7testing7MessagelsIA53_cEERS0_RKT_
FNDA:0,_ZN7testing7MessagelsIA35_cEERS0_RKT_
FNDA:0,_ZN7testing7MessagelsIA41_cEERS0_RKT_
FNDA:0,_ZN7testinglsERSoRKNS_7MessageE
FNDA:0,_ZN7testing7MessagelsIA39_cEERS0_RKT_
FNDA:0,_ZN7testing7MessagelsIA10_cEERS0_RKT_
FNDA:0,_ZN7testing7MessagelsIA51_cEERS0_RKT_
FNDA:2100,_ZN7testing7MessagelsIKcEERS0_RKPT_
FNDA:0,_ZN7testing7MessagelsIA27_cEERS0_RKT_
FNDA:0,_ZN7testing7MessagelsIA3_cEERS0_RKT_
FNDA:0,_ZN7testing7MessagelsIA18_cEERS0_RKT_
FNDA:0,_ZN7testing7MessagelsIA19_cEERS0_RKT_
FNDA:0,_ZN7testing7MessagelsIA40_cEERS0_RKT_
FNDA:705,_ZN7testing8internal18StreamableToStringIiEENSt7__cxx1112basic_stringIcSt11char_traitsIcESaIcEEERKT_
FNDA:705,_ZN7testing7MessagelsIiEERS0_RKT_
FNDA:0,_ZN7testing7MessagelsIA5_cEERS0_RKT_
FNDA:0,_ZN7testing7MessagelsIS0_EERS0_RKT_
FNDA:0,_ZN7testing7MessagelsIA33_cEERS0_RKT_
FNDA:0,_ZN7testing7MessagelsIA16_cEERS0_RKT_
FNDA:0,_ZN7testing7MessagelsIA60_cEERS0_RKT_
FNDA:0,_ZN7testing7MessagelsIA12_cEERS0_RKT_
FNDA:336,_ZN7testing8internal18StreamableToStringIlEENSt7__cxx1112basic_stringIcSt11char_traitsIcESaIcEEERKT_
FNDA:0,_ZN7testing7MessagelsIA68_cEERS0_RKT_
FNDA:0,_ZN7testing7MessagelsIA20_cEERS0_RKT_
FNDA:2100,_ZN7testing7MessagelsIA7_cEERS0_RKT_
FNDA:0,_ZN7testing7MessagelsIA50_cEERS0_RKT_
FNDA:0,_ZN7testing7MessagelsIA6_cEERS0_RKT_
FNDA:0,_ZN7testing7MessagelsIA14_cEERS0_RKT_
FNDA:0,_ZN7testing7MessagelsIA15_cEERS0_RKT_
FNDA:0,_ZN7testing7MessagelsIA32_cEERS0_RKT_
FNDA:0,_ZN7testing7MessageC2ERKS0_
FNF:66
FNH:9
DA:103,0
DA:104,0
DA:105,0
DA:114,44541
DA:130,44541
DA:131,44541
DA:148,2586
DA:149,2586
DA:150,0
DA:152,2586
DA:154,2586
DA:198,0
DA:199,0
DA:209,1527
DA:210,3054
LF:15
LH:9
end_of_record
TN:
SF:/home/artur/Treinamento/Simulação_de_Tráfego/tests/build/_deps/googletest-src/googletest/include/gtest/gtest-printers.h
FN:213,_ZN7testing8internal52internal_stream_operator_without_lexical_name_lookup13StreamPrinter10PrintValueIivRSoEEvRKT_PSo
FN:305,_ZN7testing8internal17PrintWithFallbackIiEEvRKT_PSo
FN:332,_ZN7testing8internal19FormatForComparisonINSt7__cxx1112basic_stringIcSt11char_traitsIcESaIcEEEA5_cE6FormatERKS7_
FN:332,_ZN7testing8internal19FormatForComparisonINSt7__cxx1112basic_stringIcSt11char_traitsIcESaIcEEEA6_cE6FormatERKS7_
FN:332,_ZN7testing8internal19FormatForComparisonIiiE6FormatB5cxx11ERKi
FN:341,_ZN7testing8internal19FormatForComparisonIA6_cNSt7__cxx1112basic_stringIcSt11char_traitsIcESaIcEEEE6FormatEPKc
FN:341,_ZN7testing8internal19FormatForComparisonIA5_cNSt7__cxx1112basic_stringIcSt11char_traitsIcESaIcEEEE6FormatEPKc
FN:386,_ZN7testing8internal19FormatForComparisonIPKcNSt7__cxx1112basic_stringIcSt11char_traitsIcESaIcEEEE6FormatES3_
FN:412,_ZN7testing8internal33FormatForComparisonFailureMessageIiiEENSt7__cxx1112basic_stringIcSt11char_traitsIcESaIcEEERKT_RKT0_
FN:412,_ZN7testing8internal33FormatForComparisonFailureMessageIA5_cNSt7__cxx1112basic_stringIcSt11char_traitsIcESaIcEEEEES8_RKT_RKT0_
FN:412,_ZN7testing8internal33FormatForComparisonFailureMessageINSt7__cxx1112basic_stringIcSt11char_traitsIcESaIcEEEA6_cEES7_RKT_RKT0_
FN:412,_ZN7testing8internal33FormatForComparisonFailureMessageIA6_cNSt7__cxx1112basic_stringIcSt11char_traitsIcESaIcEEEEES8_RKT_RKT0_
FN:412,_ZN7testing8internal33FormatForComparisonFailureMessageINSt7__cxx1112basic_stringIcSt11char_traitsIcESaIcEEEA5_cEES7_RKT_RKT0_
FN:439,_ZN7testing8internal7PrintToIiEEvRKT_PSo
FN:554,_ZN7testing8internal7PrintToERKNSt7__cxx1112basic_stringIcSt11char_traitsIcESaIcEEEPSo
FN:581,_ZN7testing8internal7PrintToERKNSt7__cxx1112basic_stringIwSt11char_traitsIwESaIwEEEPSo
FN:693,_ZN7testing8internal16UniversalPrinterINSt7__cxx1112basic_stringIwSt11char_traitsIwESaIwEEEE5PrintERKS7_PSo
FN:693,_ZN7testing8internal16UniversalPrinterINSt7__cxx1112basic_stringIcSt11char_traitsIcESaIcEEEE5PrintERKS7_PSo
FN:693,_ZN7testing8internal16UniversalPrinterIiE5PrintERKiPSo
FN:883,_ZN7testing8internal21UniversalTersePrinterINSt7__cxx1112basic_stringIcSt11char_traitsIcESaIcEEEE5PrintERKS7_PSo
FN:883,_ZN7testing8internal21UniversalTersePrinterIiE5PrintERKiPSo
FN:911,_ZN7testing8internal21UniversalTersePrinterIPKcE5PrintES3_PSo
FN:974,_ZN7testing8internal21UniversalTersePrinterIPKwE5PrintES3_PSo
FN:1002,_ZN7testing8internal14UniversalPrintINSt7__cxx1112basic_stringIcSt11char_traitsIcESaIcEEEEEvRKT_PSo
FN:1002,_ZN7testing8internal14UniversalPrintIiEEvRKT_PSo
FN:1002,_ZN7testing8internal14UniversalPrintINSt7__cxx1112basic_stringIwSt11char_traitsIwESaIwEEEEEvRKT_PSo
FN:1042,_ZN7testing13PrintToStringIiEENSt7__cxx1112basic_stringIcSt11char_traitsIcESaIcEEERKT_
FN:1042,_ZN7testing13PrintToStringIPKcEENSt7__cxx1112basic_stringIcSt11char_traitsIcESaIcEEERKT_
FN:1042,_ZN7testing13PrintToStringIPKwEENSt7__cxx1112basic_stringIcSt11char_traitsIcESaIcEEERKT_
FN:1042,_ZN7testing13PrintToStringINSt7__cxx1112basic_stringIcSt11char_traitsIcESaIcEEEEES6_RKT_
FNDA:0,_ZN7testing8internal52internal_stream_operator_without_lexical_name_lookup13StreamPrinter10PrintValueIivRSoEEvRKT_PSo
FNDA:0,_ZN7testing8internal7PrintToERKNSt7__cxx1112basic_stringIwSt11char_traitsIwESaIwEEEPSo
FNDA:0,_ZN7testing8internal7PrintToERKNSt7__cxx1112basic_stringIcSt11char_traitsIcESaIcEEEPSo
FNDA:0,_ZN7testing8internal33FormatForComparisonFailureMessageIiiEENSt7__cxx1112basic_stringIcSt11char_traitsIcESaIcEEERKT_RKT0_
FNDA:0,_ZN7testing8internal19FormatForComparisonINSt7__cxx1112basic_stringIcSt11char_traitsIcESaIcEEEA5_cE6FormatERKS7_
FNDA:0,_ZN7testing8internal14UniversalPrintINSt7__cxx1112basic_stringIcSt11char_traitsIcESaIcEEEEEvRKT_PSo
FNDA:0,_ZN7testing8internal19FormatForComparisonIA6_cNSt7__cxx1112basic_stringIcSt11char_traitsIcESaIcEEEE6FormatEPKc
FNDA:0,_ZN7testing8internal33FormatForComparisonFailureMessageIA6_cNSt7__cxx1112basic_stringIcSt11char_traitsIcESaIcEEEEES8_RKT_RKT0_
FNDA:0,_ZN7testing8internal33FormatForComparisonFailureMessageINSt7__cxx1112basic_stringIcSt11char_traitsIcESaIcEEEA6_cEES7_RKT_RKT0_
FNDA:0,_ZN7testing13PrintToStringIPKcEENSt7__cxx1112basic_stringIcSt11char_traitsIcESaIcEEERKT_
FNDA:0,_ZN7testing8internal19FormatForComparisonIA5_cNSt7__cxx1112basic_stringIcSt11char_traitsIcESaIcEEEE6FormatEPKc
FNDA:0,_ZN7testing8internal33FormatForComparisonFailureMessageIA5_cNSt7__cxx1112basic_stringIcSt11char_traitsIcESaIcEEEEES8_RKT_RKT0_
FNDA:0,_ZN7testing13PrintToStringIiEENSt7__cxx1112basic_stringIcSt11char_traitsIcESaIcEEERKT_
FNDA:0,_ZN7testing13PrintToStringIPKwEENSt7__cxx1112basic_stringIcSt11char_traitsIcESaIcEEERKT_
FNDA:0,_ZN7testing8internal16UniversalPrinterINSt7__cxx1112basic_stringIcSt11char_traitsIcESaIcEEEE5PrintERKS7_PSo
FNDA:0,_ZN7testing8internal21UniversalTersePrinterIPKcE5PrintES3_PSo
FNDA:0,_ZN7testing8internal16UniversalPrinterIiE5PrintERKiPSo
FNDA:0,_ZN7testing8internal7PrintToIiEEvRKT_PSo
FNDA:0,_ZN7testing8internal21UniversalTersePrinterINSt7__cxx1112basic_stringIcSt11char_traitsIcESaIcEEEE5PrintERKS7_PSo
FNDA:0,_ZN7testing8internal19FormatForComparisonINSt7__cxx1112basic_stringIcSt11char_traitsIcESaIcEEEA6_cE6FormatERKS7_
FNDA:0,_ZN7testing8internal16UniversalPrinterINSt7__cxx1112basic_stringIwSt11char_traitsIwESaIwEEEE5PrintERKS7_PSo
FNDA:0,_ZN7testing8internal14UniversalPrintIiEEvRKT_PSo
FNDA:0,_ZN7testing8internal14UniversalPrintINSt7__cxx1112basic_stringIwSt11char_traitsIwESaIwEEEEEvRKT_PSo
FNDA:0,_ZN7testing8internal19FormatForComparisonIiiE6FormatB5cxx11ERKi
FNDA:0,_ZN7testing8internal21UniversalTersePrinterIPKwE5PrintES3_PSo
FNDA:0,_ZN7testing8internal17PrintWithFallbackIiEEvRKT_PSo
FNDA:0,_ZN7testing8internal21UniversalTersePrinterIiE5PrintERKiPSo
FNDA:0,_ZN7testing8internal33FormatForComparisonFailureMessageINSt7__cxx1112basic_stringIcSt11char_traitsIcESaIcEEEA5_cEES7_RKT_RKT0_
FNDA:0,_ZN7testing13PrintToStringINSt7__cxx1112basic_stringIcSt11char_traitsIcESaIcEEEEES6_RKT_
FNDA:0,_ZN7testing8internal19FormatForComparisonIPKcNSt7__cxx1112basic_stringIcSt11char_traitsIcESaIcEEEE6FormatES3_
FNF:30
FNH:0
DA:213,0
DA:216,0
DA:217,0
DA:305,0
DA:311,0
DA:312,0
DA:332,0
DA:333,0
DA:341,0
DA:342,0
DA:386,0
DA:412,0
DA:414,0
DA:439,0
DA:440,0
DA:441,0
DA:554,0
DA:555,0
DA:556,0
DA:581,0
DA:582,0
DA:583,0
DA:693,0
DA:702,0
DA:703,0
DA:883,0
DA:884,0
DA:885,0
DA:911,0
DA:912,0
DA:913,0
DA:915,0
DA:917,0
DA:974,0
DA:975,0
DA:976,0
DA:978,0
DA:980,0
DA:1002,0
DA:1006,0
DA:1007,0
DA:1042,0
DA:1043,0
DA:1044,0
DA:1045,0
DA:1046,0
LF:46
LH:0
end_of_record
TN:
SF:/home/artur/Treinamento/Simulação_de_Tráfego/tests/build/_deps/googletest-src/googletest/include/gtest/gtest-test-part.h
FN:66,_ZN7testing14TestPartResultC2ENS0_4TypeEPKciS3_
FN:75,_ZNK7testing14TestPartResult4typeEv
FN:79,_ZNK7testing14TestPartResult9file_nameEv
FN:85,_ZNK7testing14TestPartResult11line_numberEv
FN:88,_ZNK7testing14TestPartResult7summaryEv
FN:91,_ZNK7testing14TestPartResult7messageEv
FN:94,_ZNK7testing14TestPartResult7skippedEv
FN:100,_ZNK7testing14TestPartResult17nonfatally_failedEv
FN:103,_ZNK7testing14TestPartResult14fatally_failedEv
FN:106,_ZNK7testing14TestPartResult6failedEv
FN:155,_ZN7testing31TestPartResultReporterInterfaceD2Ev
FN:155,_ZN7testing31TestPartResultReporterInterfaceD0Ev
FNDA:0,_ZNK7testing14TestPartResult11line_numberEv
FNDA:0,_ZNK7testing14TestPartResult14fatally_failedEv
FNDA:200,_ZN7testing31TestPartResultReporterInterfaceD2Ev
FNDA:0,_ZNK7testing14TestPartResult7messageEv
FNDA:0,_ZNK7testing14TestPartResult9file_nameEv
FNDA:0,_ZNK7testing14TestPartResult7summaryEv
FNDA:0,_ZNK7testing14TestPartResult7skippedEv
FNDA:0,_ZNK7testing14TestPartResult6failedEv
FNDA:0,_ZNK7testing14TestPartResult4typeEv
FNDA:0,_ZNK7testing14TestPartResult17nonfatally_failedEv
FNDA:0,_ZN7testing31TestPartResultReporterInterfaceD0Ev
FNDA:0,_ZN7testing14TestPartResultC2ENS0_4TypeEPKciS3_
FNF:12
FNH:1
DA:66,0
DA:68,0
DA:69,0
DA:70,0
DA:71,0
DA:72,0
DA:75,0
DA:79,0
DA:80,0
DA:85,0
DA:88,0
DA:91,0
DA:94,0
DA:100,0
DA:103,0
DA:106,0
DA:155,200
LF:17
LH:1
end_of_record
TN:
SF:/home/artur/Treinamento/Simulação_de_Tráfego/tests/build/_deps/googletest-src/googletest/include/gtest/gtest.h
FN:255,_ZN7testing4Test14SetUpTestSuiteEv
FN:263,_ZN7testing4Test17TearDownTestSuiteEv
FN:268,_ZN7testing4Test16TearDownTestCaseEv
FN:269,_ZN7testing4Test13SetUpTestCaseEv
FN:329,_ZN7testing4Test11DeleteSelf_Ev
FN:350,_ZN7testing4Test5SetupEv
FN:368,_ZN7testing12TestPropertyC2ERKNSt7__cxx1112basic_stringIcSt11char_traitsIcESaIcEEES8_
FN:372,_ZNK7testing12TestProperty3keyEv
FN:375,_ZNK7testing12TestProperty5valueEv
FN:378,_ZN7testing12TestProperty8SetValueERKNSt7__cxx1112basic_stringIcSt11char_traitsIcESaIcEEE
FN:409,_ZNK7testing10TestResult6PassedEv
FN:424,_ZNK7testing10TestResult12elapsed_timeEv
FN:428,_ZNK7testing10TestResult15start_timestampEv
FN:461,_ZN7testing10TestResult19set_start_timestampEl
FN:464,_ZN7testing10TestResult16set_elapsed_timeEl
FN:485,_ZNK7testing10TestResult16death_test_countEv
FN:488,_ZN7testing10TestResult26increment_death_test_countEv
FN:534,_ZNK7testing8TestInfo15test_suite_nameEv
FN:542,_ZNK7testing8TestInfo4nameEv
FN:546,_ZNK7testing8TestInfo10type_paramEv
FN:553,_ZNK7testing8TestInfo11value_paramEv
FN:559,_ZNK7testing8TestInfo4fileEv
FN:562,_ZNK7testing8TestInfo4lineEv
FN:565,_ZNK7testing8TestInfo19is_in_another_shardEv
FN:583,_ZNK7testing8TestInfo10should_runEv
FN:586,_ZNK7testing8TestInfo13is_reportableEv
FN:593,_ZNK7testing8TestInfo6resultEv
FN:621,_ZN7testing8TestInfo26increment_death_test_countEv
FN:632,_ZN7testing8TestInfo15ClearTestResultEPS0_
FN:688,_ZNK7testing9TestSuite4nameEv
FN:692,_ZNK7testing9TestSuite10type_paramEv
FN:698,_ZNK7testing9TestSuite10should_runEv
FN:725,_ZNK7testing9TestSuite6PassedEv
FN:728,_ZNK7testing9TestSuite6FailedEv
FN:733,_ZNK7testing9TestSuite12elapsed_timeEv
FN:737,_ZNK7testing9TestSuite15start_timestampEv
FN:745,_ZNK7testing9TestSuite18ad_hoc_test_resultEv
FN:752,_ZN7testing9TestSuite14test_info_listEv
FN:755,_ZNK7testing9TestSuite14test_info_listEv
FN:764,_ZN7testing9TestSuite14set_should_runEb
FN:774,_ZN7testing9TestSuite20ClearTestSuiteResultEPS0_
FN:786,_ZN7testing9TestSuite17RunSetUpTestSuiteEv
FN:794,_ZN7testing9TestSuite20RunTearDownTestSuiteEv
FN:801,_ZN7testing9TestSuite10TestPassedEPKNS_8TestInfoE
FN:806,_ZN7testing9TestSuite11TestSkippedEPKNS_8TestInfoE
FN:811,_ZN7testing9TestSuite10TestFailedEPKNS_8TestInfoE
FN:817,_ZN7testing9TestSuite22TestReportableDisabledEPKNS_8TestInfoE
FN:822,_ZN7testing9TestSuite12TestDisabledEPKNS_8TestInfoE
FN:827,_ZN7testing9TestSuite14TestReportableEPKNS_8TestInfoE
FN:832,_ZN7testing9TestSuite13ShouldRunTestEPKNS_8TestInfoE
FN:921,_ZN7testing17TestEventListenerD0Ev
FN:921,_ZN7testing17TestEventListenerD2Ev
FN:939,_ZN7testing17TestEventListener16OnTestSuiteStartERKNS_9TestSuiteE
FN:943,_ZN7testing17TestEventListener15OnTestCaseStartERKNS_9TestSuiteE
FN:950,_ZN7testing17TestEventListener14OnTestDisabledERKNS_8TestInfoE
FN:961,_ZN7testing17TestEventListener14OnTestSuiteEndERKNS_9TestSuiteE
FN:965,_ZN7testing17TestEventListener13OnTestCaseEndERKNS_9TestSuiteE
FN:988,_ZN7testing22EmptyTestEventListener18OnTestProgramStartERKNS_8UnitTestE
FN:989,_ZN7testing22EmptyTestEventListener20OnTestIterationStartERKNS_8UnitTestEi
FN:991,_ZN7testing22EmptyTestEventListener24OnEnvironmentsSetUpStartERKNS_8UnitTestE
FN:992,_ZN7testing22EmptyTestEventListener22OnEnvironmentsSetUpEndERKNS_8UnitTestE
FN:993,_ZN7testing22EmptyTestEventListener16OnTestSuiteStartERKNS_9TestSuiteE
FN:996,_ZN7testing22EmptyTestEventListener15OnTestCaseStartERKNS_9TestSuiteE
FN:999,_ZN7testing22EmptyTestEventListener11OnTestStartERKNS_8TestInfoE
FN:1000,_ZN7testing22EmptyTestEventListener14OnTestDisabledERKNS_8TestInfoE
FN:1001,_ZN7testing22EmptyTestEventListener16OnTestPartResultERKNS_14TestPartResultE
FN:1002,_ZN7testing22EmptyTestEventListener9OnTestEndERKNS_8TestInfoE
FN:1003,_ZN7testing22EmptyTestEventListener14OnTestSuiteEndERKNS_9TestSuiteE
FN:1005,_ZN7testing22EmptyTestEventListener13OnTestCaseEndERKNS_9TestSuiteE
FN:1008,_ZN7testing22EmptyTestEventListener27OnEnvironmentsTearDownStartERKNS_8UnitTestE
FN:1009,_ZN7testing22EmptyTestEventListener25OnEnvironmentsTearDownEndERKNS_8UnitTestE
FN:1010,_ZN7testing22EmptyTestEventListener18OnTestIterationEndERKNS_8UnitTestEi
FN:1012,_ZN7testing22EmptyTestEventListener16OnTestProgramEndERKNS_8UnitTestE
FN:1257,_ZN7testing8UnitTest4implEv
FN:1258,_ZNK7testing8UnitTest4implEv
FN:1349,_ZN7testing8internal18CmpHelperEQFailureINSt7__cxx1112basic_stringIcSt11char_traitsIcESaIcEEEA5_cEENS_15AssertionResultEPKcSB_RKT_RKT0_
FN:1349,_ZN7testing8internal18CmpHelperEQFailureIiiEENS_15AssertionResultEPKcS4_RKT_RKT0_
FN:1349,_ZN7testing8internal18CmpHelperEQFailureINSt7__cxx1112basic_stringIcSt11char_traitsIcESaIcEEEA6_cEENS_15AssertionResultEPKcSB_RKT_RKT0_
FN:1366,_ZN7testing8internal11CmpHelperEQINSt7__cxx1112basic_stringIcSt11char_traitsIcESaIcEEEA6_cEENS_15AssertionResultEPKcSB_RKT_RKT0_
FN:1366,_ZN7testing8internal11CmpHelperEQIiiEENS_15AssertionResultEPKcS4_RKT_RKT0_
FN:1366,_ZN7testing8internal11CmpHelperEQINSt7__cxx1112basic_stringIcSt11char_traitsIcESaIcEEEA5_cEENS_15AssertionResultEPKcSB_RKT_RKT0_
FN:1385,_ZN7testing8internal8EqHelper7CompareINSt7__cxx1112basic_stringIcSt11char_traitsIcESaIcEEEA5_cLPv0EEENS_15AssertionResultEPKcSD_RKT_RKT0_
FN:1385,_ZN7testing8internal8EqHelper7CompareINSt7__cxx1112basic_stringIcSt11char_traitsIcESaIcEEEA6_cLPv0EEENS_15AssertionResultEPKcSD_RKT_RKT0_
FN:1385,_ZN7testing8internal8EqHelper7CompareIiiLPv0EEENS_15AssertionResultEPKcS6_RKT_RKT0_
FN:1607,_ZN7testing8internal12AssertHelper16AssertHelperDataC2ENS_14TestPartResult4TypeEPKciS6_
FN:2270,_ZN7testing12RegisterTestIJEZNS_8internal34TypeParameterizedTestSuiteRegistry22CheckForInstantiationsEvEUlvE_EEPNS_8TestInfoEPKcS7_S7_S7_S7_iT0_
FN:2270,_ZN7testing12RegisterTestIJEZNS_8internal23InsertSyntheticTestCaseERKNSt7__cxx1112basic_stringIcSt11char_traitsIcESaIcEEENS1_12CodeLocationEbEUlvE_EEPNS_8TestInfoEPKcSF_SF_SF_SF_iT0_
FN:2277,_ZZN7testing12RegisterTestIJEZNS_8internal34TypeParameterizedTestSuiteRegistry22CheckForInstantiationsEvEUlvE_EEPNS_8TestInfoEPKcS7_S7_S7_S7_iT0_EN11FactoryImplC2ES3_
FN:2277,_ZZN7testing12RegisterTestIJEZNS_8internal23InsertSyntheticTestCaseERKNSt7__cxx1112basic_stringIcSt11char_traitsIcESaIcEEENS1_12CodeLocationEbEUlvE_EEPNS_8TestInfoEPKcSF_SF_SF_SF_iT0_EN11FactoryImplC2ESB_
FN:2278,_ZZN7testing12RegisterTestIJEZNS_8internal23InsertSyntheticTestCaseERKNSt7__cxx1112basic_stringIcSt11char_traitsIcESaIcEEENS1_12CodeLocationEbEUlvE_EEPNS_8TestInfoEPKcSF_SF_SF_SF_iT0_EN11FactoryImpl10CreateTestEv
FN:2278,_ZZN7testing12RegisterTestIJEZNS_8internal34TypeParameterizedTestSuiteRegistry22CheckForInstantiationsEvEUlvE_EEPNS_8TestInfoEPKcS7_S7_S7_S7_iT0_EN11FactoryImpl10CreateTestEv
FN:2304,_Z13RUN_ALL_TESTSv
FNDA:0,_ZN7testing8TestInfo26increment_death_test_countEv
FNDA:0,_ZN7testing22EmptyTestEventListener16OnTestSuiteStartERKNS_9TestSuiteE
FNDA:132,_ZNK7testing10TestResult12elapsed_timeEv
FNDA:0,_ZN7testing22EmptyTestEventListener16OnTestProgramEndERKNS_8UnitTestE
FNDA:105,_ZN7testing9TestSuite17RunSetUpTestSuiteEv
FNDA:2388,_ZNK7testing9TestSuite10should_runEv
FNDA:0,_ZNK7testing9TestSuite15start_timestampEv
FNDA:0,_ZNK7testing9TestSuite6PassedEv
FNDA:132,_ZN7testing10TestResult19set_start_timestampEl
FNDA:0,_ZZN7testing12RegisterTestIJEZNS_8internal34TypeParameterizedTestSuiteRegistry22CheckForInstantiationsEvEUlvE_EEPNS_8TestInfoEPKcS7_S7_S7_S7_iT0_EN11FactoryImpl10CreateTestEv
FNDA:0,_ZN7testing4Test17TearDownTestSuiteEv
FNDA:1256,_ZN7testing9TestSuite10TestFailedEPKNS_8TestInfoE
FNDA:264,_ZNK7testing10TestResult6PassedEv
FNDA:132,_ZN7testing10TestResult16set_elapsed_timeEl
FNDA:0,_ZN7testing10TestResult26increment_death_test_countEv
FNDA:105,_ZN7testing17TestEventListener16OnTestSuiteStartERKNS_9TestSuiteE
FNDA:0,_ZN7testing22EmptyTestEventListener13OnTestCaseEndERKNS_9TestSuiteE
FNDA:210,_ZNK7testing9TestSuite6FailedEv
FNDA:108,_ZNK7testing9TestSuite10type_paramEv
FNDA:0,_ZN7testing4Test16TearDownTestCaseEv
FNDA:1188,_ZN7testing9TestSuite22TestReportableDisabledEPKNS_8TestInfoE
FNDA:0,_ZN7testing17TestEventListener14OnTestDisabledERKNS_8TestInfoE
FNDA:0,_ZN7testing22EmptyTestEventListener22OnEnvironmentsSetUpEndERKNS_8UnitTestE
FNDA:0,_ZN7testing22EmptyTestEventListener25OnEnvironmentsTearDownEndERKNS_8UnitTestE
FNDA:0,_ZN7testing22EmptyTestEventListener15OnTestCaseStartERKNS_9TestSuiteE
FNDA:0,_ZN7testing22EmptyTestEventListener11OnTestStartERKNS_8TestInfoE
FNDA:132,_ZN7testing8internal8EqHelper7CompareIiiLPv0EEENS_15AssertionResultEPKcS6_RKT_RKT0_
FNDA:0,_ZN7testing17TestEventListener15OnTestCaseStartERKNS_9TestSuiteE
FNDA:0,_ZNK7testing12TestProperty3keyEv
FNDA:0,_ZN7testing8internal18CmpHelperEQFailureIiiEENS_15AssertionResultEPKcS4_RKT_RKT0_
FNDA:0,_ZN7testing12RegisterTestIJEZNS_8internal23InsertSyntheticTestCaseERKNSt7__cxx1112basic_stringIcSt11char_traitsIcESaIcEEENS1_12CodeLocationEbEUlvE_EEPNS_8TestInfoEPKcSF_SF_SF_SF_iT0_
FNDA:0,_ZN7testing12TestProperty8SetValueERKNSt7__cxx1112basic_stringIcSt11char_traitsIcESaIcEEE
FNDA:0,_ZN7testing4Test13SetUpTestCaseEv
FNDA:0,_ZN7testing9TestSuite14TestReportableEPKNS_8TestInfoE
FNDA:0,_ZN7testing17TestEventListenerD0Ev
FNDA:0,_ZN7testing17TestEventListener13OnTestCaseEndERKNS_9TestSuiteE
FNDA:891,_ZNK7testing8UnitTest4implEv
FNDA:1500,_ZN7testing9TestSuite14set_should_runEb
FNDA:1188,_ZNK7testing8TestInfo13is_reportableEv
FNDA:22,_ZN7testing8internal11CmpHelperEQINSt7__cxx1112basic_stringIcSt11char_traitsIcESaIcEEEA5_cEENS_15AssertionResultEPKcSB_RKT_RKT0_
FNDA:0,_ZN7testing8internal18CmpHelperEQFailureINSt7__cxx1112basic_stringIcSt11char_traitsIcESaIcEEEA6_cEENS_15AssertionResultEPKcSB_RKT_RKT0_
FNDA:0,_ZN7testing22EmptyTestEventListener27OnEnvironmentsTearDownStartERKNS_8UnitTestE
FNDA:0,_ZN7testing4Test14SetUpTestSuiteEv
FNDA:200,_ZN7testing17TestEventListenerD2Ev
FNDA:0,_ZN7testing22EmptyTestEventListener14OnTestSuiteEndERKNS_9TestSuiteE
FNDA:0,_ZN7testing12TestPropertyC2ERKNSt7__cxx1112basic_stringIcSt11char_traitsIcESaIcEEES8_
FNDA:0,_ZNK7testing10TestResult15start_timestampEv
FNDA:4530,_ZN7testing8UnitTest4implEv
FNDA:0,_ZZN7testing12RegisterTestIJEZNS_8internal34TypeParameterizedTestSuiteRegistry22CheckForInstantiationsEvEUlvE_EEPNS_8TestInfoEPKcS7_S7_S7_S7_iT0_EN11FactoryImplC2ES3_
FNDA:105,_ZN7testing9TestSuite20RunTearDownTestSuiteEv
FNDA:0,_ZN7testing9TestSuite12TestDisabledEPKNS_8TestInfoE
FNDA:0,_ZZN7testing12RegisterTestIJEZNS_8internal23InsertSyntheticTestCaseERKNSt7__cxx1112basic_stringIcSt11char_traitsIcESaIcEEENS1_12CodeLocationEbEUlvE_EEPNS_8TestInfoEPKcSF_SF_SF_SF_iT0_EN11FactoryImplC2ESB_
FNDA:1188,_ZN7testing9TestSuite10TestPassedEPKNS_8TestInfoE
FNDA:0,_ZNK7testing8TestInfo4lineEv
FNDA:0,_ZN7testing22EmptyTestEventListener16OnTestPartResultERKNS_14TestPartResultE
FNDA:0,_ZNK7testing12TestProperty5valueEv
FNDA:0,_ZN7testing8internal12AssertHelper16AssertHelperDataC2ENS_14TestPartResult4TypeEPKciS6_
FNDA:7264,_ZNK7testing8TestInfo10should_runEv
FNDA:132,_ZN7testing8internal11CmpHelperEQIiiEENS_15AssertionResultEPKcS4_RKT_RKT0_
FNDA:0,_ZN7testing12RegisterTestIJEZNS_8internal34TypeParameterizedTestSuiteRegistry22CheckForInstantiationsEvEUlvE_EEPNS_8TestInfoEPKcS7_S7_S7_S7_iT0_
FNDA:0,_ZNK7testing8TestInfo19is_in_another_shardEv
FNDA:315,_ZNK7testing9TestSuite18ad_hoc_test_resultEv
FNDA:0,_ZN7testing22EmptyTestEventListener20OnTestIterationStartERKNS_8UnitTestEi
FNDA:0,_ZN7testing8internal18CmpHelperEQFailureINSt7__cxx1112basic_stringIcSt11char_traitsIcESaIcEEEA5_cEENS_15AssertionResultEPKcSB_RKT_RKT0_
FNDA:132,_ZN7testing4Test11DeleteSelf_Ev
FNDA:1713,_ZNK7testing9TestSuite4nameEv
FNDA:22,_ZN7testing8internal8EqHelper7CompareINSt7__cxx1112basic_stringIcSt11char_traitsIcESaIcEEEA6_cLPv0EEENS_15AssertionResultEPKcSD_RKT_RKT0_
FNDA:1464,_ZNK7testing8TestInfo15test_suite_nameEv
FNDA:924,_ZNK7testing8TestInfo6resultEv
FNDA:1740,_ZNK7testing8TestInfo4nameEv
FNDA:0,_ZN7testing4Test5SetupEv
FNDA:0,_ZN7testing22EmptyTestEventListener18OnTestIterationEndERKNS_8UnitTestEi
FNDA:2727,_ZN7testing9TestSuite14test_info_listEv
FNDA:0,_ZN7testing22EmptyTestEventListener14OnTestDisabledERKNS_8TestInfoE
FNDA:0,_ZN7testing22EmptyTestEventListener24OnEnvironmentsSetUpStartERKNS_8UnitTestE
FNDA:12,_ZNK7testing8TestInfo11value_paramEv
FNDA:0,_ZN7testing22EmptyTestEventListener9OnTestEndERKNS_8TestInfoE
FNDA:132,_ZNK7testing9TestSuite14test_info_listEv
FNDA:297,_ZN7testing9TestSuite20ClearTestSuiteResultEPS0_
FNDA:0,_ZNK7testing10TestResult16death_test_countEv
FNDA:1188,_ZN7testing8TestInfo15ClearTestResultEPS0_
FNDA:22,_ZN7testing8internal8EqHelper7CompareINSt7__cxx1112basic_stringIcSt11char_traitsIcESaIcEEEA5_cLPv0EEENS_15AssertionResultEPKcSD_RKT_RKT0_
FNDA:105,_ZNK7testing9TestSuite12elapsed_timeEv
FNDA:1188,_ZN7testing9TestSuite11TestSkippedEPKNS_8TestInfoE
FNDA:100,_Z13RUN_ALL_TESTSv
FNDA:1200,_ZNK7testing8TestInfo10type_paramEv
FNDA:0,_ZN7testing22EmptyTestEventListener18OnTestProgramStartERKNS_8UnitTestE
FNDA:0,_ZZN7testing12RegisterTestIJEZNS_8internal23InsertSyntheticTestCaseERKNSt7__cxx1112basic_stringIcSt11char_traitsIcESaIcEEENS1_12CodeLocationEbEUlvE_EEPNS_8TestInfoEPKcSF_SF_SF_SF_iT0_EN11FactoryImpl10CreateTestEv
FNDA:0,_ZNK7testing8TestInfo4fileEv
FNDA:22,_ZN7testing8internal11CmpHelperEQINSt7__cxx1112basic_stringIcSt11char_traitsIcESaIcEEEA6_cEENS_15AssertionResultEPKcSB_RKT_RKT0_
FNDA:3632,_ZN7testing9TestSuite13ShouldRunTestEPKNS_8TestInfoE
FNDA:105,_ZN7testing17TestEventListener14OnTestSuiteEndERKNS_9TestSuiteE
FNF:92
FNH:42
DA:255,0
DA:263,0
DA:268,0
DA:269,0
DA:329,132
DA:350,0
DA:368,0
DA:369,0
DA:372,0
DA:375,0
DA:378,0
DA:409,264
DA:424,132
DA:428,0
DA:461,132
DA:464,132
DA:485,0
DA:488,0
DA:534,1464
DA:542,1740
DA:546,1200
DA:547,1200
DA:548,1200
DA:553,12
DA:554,12
DA:555,12
DA:559,0
DA:562,0
DA:565,0
DA:583,7264
DA:586,1188
DA:589,1188
DA:593,924
DA:621,0
DA:622,0
DA:632,1188
DA:633,1188
DA:634,1188
DA:688,1713
DA:692,108
DA:693,108
DA:694,108
DA:698,2388
DA:725,0
DA:728,210
DA:729,210
DA:733,105
DA:737,0
DA:745,315
DA:752,2727
DA:755,132
DA:756,132
DA:764,1500
DA:774,297
DA:775,297
DA:776,297
DA:786,105
DA:787,105
DA:788,0
DA:790,105
DA:794,105
DA:795,105
DA:796,0
DA:798,105
DA:801,1188
DA:802,1188
DA:806,1188
DA:807,1188
DA:811,1256
DA:812,1256
DA:817,1188
DA:818,1188
DA:822,0
DA:823,0
DA:827,0
DA:828,0
DA:832,3632
DA:833,3632
DA:921,200
DA:939,105
DA:943,0
DA:950,0
DA:961,105
DA:965,0
DA:988,0
DA:989,0
DA:990,0
DA:991,0
DA:992,0
DA:993,0
DA:996,0
DA:999,0
DA:1000,0
DA:1001,0
DA:1002,0
DA:1003,0
DA:1005,0
DA:1008,0
DA:1009,0
DA:1010,0
DA:1011,0
DA:1012,0
DA:1257,4530
DA:1258,891
DA:1349,0
DA:1354,0
DA:1366,176
DA:1369,176
DA:1370,176
DA:1373,0
DA:1385,176
DA:1388,176
DA:1607,0
DA:1609,0
DA:2270,0
DA:2277,0
DA:2278,0
DA:2284,0
DA:2286,0
DA:2289,0
DA:2304,100
LF:121
LH:63
end_of_record
TN:
SF:/home/artur/Treinamento/Simulação_de_Tráfego/tests/build/_deps/googletest-src/googletest/include/gtest/internal/gtest-death-test-internal.h
FN:90,_ZN7testing8internal9DeathTestD0Ev
FN:90,_ZN7testing8internal9DeathTestD2Ev
FN:155,_ZN7testing8internal16DeathTestFactoryD2Ev
FN:155,_ZN7testing8internal16DeathTestFactoryD0Ev
FN:273,_ZN7testing8internal24InternalRunDeathTestFlagC2ERKNSt7__cxx1112basic_stringIcSt11char_traitsIcESaIcEEEiii
FN:277,_ZN7testing8internal24InternalRunDeathTestFlagD2Ev
FN:281,_ZNK7testing8internal24InternalRunDeathTestFlag4fileB5cxx11Ev
FN:282,_ZNK7testing8internal24InternalRunDeathTestFlag4lineEv
FN:283,_ZNK7testing8internal24InternalRunDeathTestFlag5indexEv
FN:284,_ZNK7testing8internal24InternalRunDeathTestFlag8write_fdEv
FNDA:0,_ZN7testing8internal9DeathTestD2Ev
FNDA:0,_ZNK7testing8internal24InternalRunDeathTestFlag5indexEv
FNDA:0,_ZN7testing8internal24InternalRunDeathTestFlagC2ERKNSt7__cxx1112basic_stringIcSt11char_traitsIcESaIcEEEiii
FNDA:0,_ZNK7testing8internal24InternalRunDeathTestFlag4fileB5cxx11Ev
FNDA:0,_ZN7testing8internal9DeathTestD0Ev
FNDA:0,_ZNK7testing8internal24InternalRunDeathTestFlag8write_fdEv
FNDA:0,_ZN7testing8internal24InternalRunDeathTestFlagD2Ev
FNDA:0,_ZNK7testing8internal24InternalRunDeathTestFlag4lineEv
FNDA:0,_ZN7testing8internal16DeathTestFactoryD0Ev
FNDA:100,_ZN7testing8internal16DeathTestFactoryD2Ev
FNF:10
FNH:1
DA:90,0
DA:155,100
DA:273,0
DA:275,0
DA:277,0
DA:278,0
DA:279,0
DA:281,0
DA:282,0
DA:283,0
DA:284,0
LF:11
LH:1
end_of_record
TN:
SF:/home/artur/Treinamento/Simulação_de_Tráfego/tests/build/_deps/googletest-src/googletest/include/gtest/internal/gtest-filepath.h
FN:66,_ZN7testing8internal8FilePathC2Ev
FN:67,_ZN7testing8internal8FilePathC2ERKS1_
FN:69,_ZN7testing8internal8FilePathC2ERKNSt7__cxx1112basic_stringIcSt11char_traitsIcESaIcEEE
FN:73,_ZN7testing8internal8FilePathaSERKS1_
FN:78,_ZN7testing8internal8FilePath3SetERKS1_
FN:80,_ZNK7testing8internal8FilePath6stringB5cxx11Ev
FN:81,_ZNK7testing8internal8FilePath5c_strEv
FN:113,_ZNK7testing8internal8FilePath7IsEmptyEv
FNDA:100,_ZN7testing8internal8FilePathC2ERKNSt7__cxx1112basic_stringIcSt11char_traitsIcESaIcEEE
FNDA:0,_ZNK7testing8internal8FilePath5c_strEv
FNDA:100,_ZN7testing8internal8FilePath3SetERKS1_
FNDA:0,_ZN7testing8internal8FilePathC2ERKS1_
FNDA:100,_ZN7testing8internal8FilePathC2Ev
FNDA:1300,_ZNK7testing8internal8FilePath7IsEmptyEv
FNDA:0,_ZNK7testing8internal8FilePath6stringB5cxx11Ev
FNDA:0,_ZN7testing8internal8FilePathaSERKS1_
FNF:8
FNH:4
DA:66,100
DA:67,0
DA:69,100
DA:70,100
DA:71,100
DA:73,0
DA:74,0
DA:75,0
DA:78,100
DA:80,0
DA:81,0
DA:113,1300
LF:12
LH:6
end_of_record
TN:
SF:/home/artur/Treinamento/Simulação_de_Tráfego/tests/build/_deps/googletest-src/googletest/include/gtest/internal/gtest-internal.h
FN:293,_ZN7testing8internal13FloatingPointIfEC2ERKf
FN:293,_ZN7testing8internal13FloatingPointIdEC2ERKd
FN:318,_ZNK7testing8internal13FloatingPointIfE13exponent_bitsEv
FN:318,_ZNK7testing8internal13FloatingPointIdE13exponent_bitsEv
FN:321,_ZNK7testing8internal13FloatingPointIdE13fraction_bitsEv
FN:321,_ZNK7testing8internal13FloatingPointIfE13fraction_bitsEv
FN:327,_ZNK7testing8internal13FloatingPointIdE6is_nanEv
FN:327,_ZNK7testing8internal13FloatingPointIfE6is_nanEv
FN:339,_ZNK7testing8internal13FloatingPointIdE12AlmostEqualsERKS2_
FN:339,_ZNK7testing8internal13FloatingPointIfE12AlmostEqualsERKS2_
FN:370,_ZN7testing8internal13FloatingPointIdE24SignAndMagnitudeToBiasedERKm
FN:370,_ZN7testing8internal13FloatingPointIfE24SignAndMagnitudeToBiasedERKj
FN:382,_ZN7testing8internal13FloatingPointIfE38DistanceBetweenSignAndMagnitudeNumbersERKjS4_
FN:382,_ZN7testing8internal13FloatingPointIdE38DistanceBetweenSignAndMagnitudeNumbersERKmS4_
FN:432,_ZN7testing8internal9GetTypeIdINS_4TestEEEPKvv
FN:432,_ZN7testing8internal9GetTypeIdINS0_12_GLOBAL__N_111FailureTestEEEPKvv
FN:451,_ZN7testing8internal15TestFactoryBaseD0Ev
FN:451,_ZN7testing8internal15TestFactoryBaseD2Ev
FN:458,_ZN7testing8internal15TestFactoryBaseC2Ev
FN:470,_ZN7testing8internal15TestFactoryImplI34Teste_Rodovia_Teste_Adicionar_TestE10CreateTestEv
FN:470,_ZN7testing8internal15TestFactoryImplI29Teste_Veiculo_Teste_Tipo_TestE10CreateTestEv
FN:470,_ZN7testing8internal15TestFactoryImplI29Teste_Veiculo_Teste_Nome_TestE10CreateTestEv
FN:470,_ZN7testing8internal15TestFactoryImplI30Teste_Rodovia_Teste_Quant_TestE10CreateTestEv
FN:470,_ZN7testing8internal15TestFactoryImplI32Teste_Veiculo_Teste_Posicao_TestE10CreateTestEv
FN:470,_ZN7testing8internal15TestFactoryImplI32Teste_Veiculo_Teste_Vel_Neg_TestE10CreateTestEv
FN:470,_ZN7testing8internal15TestFactoryImplI30Teste_Simulador_Teste_Num_TestE10CreateTestEv
FN:470,_ZN7testing8internal15TestFactoryImplI37Teste_Veiculo_Teste_CriarVeiculo_TestE10CreateTestEv
FN:470,_ZN7testing8internal15TestFactoryImplI33Teste_Veiculo_Teste_Acelerar_TestE10CreateTestEv
FN:470,_ZN7testing8internal15TestFactoryImplI31Teste_Rodovia_Teste_Limite_TestE10CreateTestEv
FN:470,_ZN7testing8internal15TestFactoryImplI32Teste_Veiculo_Teste_Vel_Pos_TestE10CreateTestEv
FN:470,_ZN7testing8internal15TestFactoryImplI32Teste_Veiculo_Teste_Reduzir_TestE10CreateTestEv
FN:491,_ZN7testing8internal12CodeLocationC2ERKNSt7__cxx1112basic_stringIcSt11char_traitsIcESaIcEEEi
FN:504,_ZN7testing8internal19GetNotDefaultOrNullEPFvvES2_
FN:519,_ZN7testing8internal16SuiteApiResolverINS0_12_GLOBAL__N_111FailureTestEE19GetSetUpCaseOrSuiteEPKci
FN:519,_ZN7testing8internal16SuiteApiResolverINS_4TestEE19GetSetUpCaseOrSuiteEPKci
FN:540,_ZN7testing8internal16SuiteApiResolverINS0_12_GLOBAL__N_111FailureTestEE22GetTearDownCaseOrSuiteEPKci
FN:540,_ZN7testing8internal16SuiteApiResolverINS_4TestEE22GetTearDownCaseOrSuiteEPKci
FN:650,_ZN7testing8internal9SkipCommaEPKc
FN:662,_ZN7testing8internal19GetPrefixUntilCommaB5cxx11EPKc
FN:842,_ZN7testing8internal11AlwaysFalseEv
FN:872,_ZN7testing8internal6RandomC2Ej
FN:874,_ZN7testing8internal6Random6ReseedEj
FNDA:0,_ZNK7testing8internal13FloatingPointIfE12AlmostEqualsERKS2_
FNDA:11,_ZN7testing8internal15TestFactoryImplI32Teste_Veiculo_Teste_Vel_Neg_TestE10CreateTestEv
FNDA:11,_ZN7testing8internal15TestFactoryImplI30Teste_Simulador_Teste_Num_TestE10CreateTestEv
FNDA:0,_ZNK7testing8internal13FloatingPointIfE6is_nanEv
FNDA:1200,_ZN7testing8internal15TestFactoryBaseD2Ev
FNDA:11,_ZN7testing8internal15TestFactoryImplI32Teste_Veiculo_Teste_Posicao_TestE10CreateTestEv
FNDA:0,_ZNK7testing8internal13FloatingPointIfE13fraction_bitsEv
FNDA:11,_ZN7testing8internal15TestFactoryImplI30Teste_Rodovia_Teste_Quant_TestE10CreateTestEv
FNDA:0,_ZN7testing8internal9SkipCommaEPKc
FNDA:0,_ZNK7testing8internal13FloatingPointIfE13exponent_bitsEv
FNDA:0,_ZN7testing8internal11AlwaysFalseEv
FNDA:0,_ZNK7testing8internal13FloatingPointIdE12AlmostEqualsERKS2_
FNDA:0,_ZNK7testing8internal13FloatingPointIdE13fraction_bitsEv
FNDA:0,_ZNK7testing8internal13FloatingPointIdE6is_nanEv
FNDA:1300,_ZN7testing8internal9GetTypeIdINS_4TestEEEPKvv
FNDA:0,_ZN7testing8internal13FloatingPointIfE38DistanceBetweenSignAndMagnitudeNumbersERKjS4_
FNDA:0,_ZN7testing8internal15TestFactoryBaseD0Ev
FNDA:11,_ZN7testing8internal15TestFactoryImplI29Teste_Veiculo_Teste_Nome_TestE10CreateTestEv
FNDA:0,_ZN7testing8internal13FloatingPointIdE24SignAndMagnitudeToBiasedERKm
FNDA:1200,_ZN7testing8internal15TestFactoryBaseC2Ev
FNDA:0,_ZN7testing8internal16SuiteApiResolverINS0_12_GLOBAL__N_111FailureTestEE22GetTearDownCaseOrSuiteEPKci
FNDA:1200,_ZN7testing8internal12CodeLocationC2ERKNSt7__cxx1112basic_stringIcSt11char_traitsIcESaIcEEEi
FNDA:0,_ZN7testing8internal13FloatingPointIfEC2ERKf
FNDA:11,_ZN7testing8internal15TestFactoryImplI34Teste_Rodovia_Teste_Adicionar_TestE10CreateTestEv
FNDA:11,_ZN7testing8internal15TestFactoryImplI29Teste_Veiculo_Teste_Tipo_TestE10CreateTestEv
FNDA:0,_ZN7testing8internal6Random6ReseedEj
FNDA:11,_ZN7testing8internal15TestFactoryImplI32Teste_Veiculo_Teste_Reduzir_TestE10CreateTestEv
FNDA:0,_ZNK7testing8internal13FloatingPointIdE13exponent_bitsEv
FNDA:0,_ZN7testing8internal13FloatingPointIdE38DistanceBetweenSignAndMagnitudeNumbersERKmS4_
FNDA:11,_ZN7testing8internal15TestFactoryImplI32Teste_Veiculo_Teste_Vel_Pos_TestE10CreateTestEv
FNDA:11,_ZN7testing8internal15TestFactoryImplI33Teste_Veiculo_Teste_Acelerar_TestE10CreateTestEv
FNDA:0,_ZN7testing8internal13FloatingPointIfE24SignAndMagnitudeToBiasedERKj
FNDA:11,_ZN7testing8internal15TestFactoryImplI31Teste_Rodovia_Teste_Limite_TestE10CreateTestEv
FNDA:0,_ZN7testing8internal13FloatingPointIdEC2ERKd
FNDA:1200,_ZN7testing8internal16SuiteApiResolverINS_4TestEE19GetSetUpCaseOrSuiteEPKci
FNDA:0,_ZN7testing8internal19GetPrefixUntilCommaB5cxx11EPKc
FNDA:4800,_ZN7testing8internal19GetNotDefaultOrNullEPFvvES2_
FNDA:0,_ZN7testing8internal16SuiteApiResolverINS0_12_GLOBAL__N_111FailureTestEE19GetSetUpCaseOrSuiteEPKci
FNDA:100,_ZN7testing8internal6RandomC2Ej
FNDA:11,_ZN7testing8internal15TestFactoryImplI37Teste_Veiculo_Teste_CriarVeiculo_TestE10CreateTestEv
FNDA:1200,_ZN7testing8internal16SuiteApiResolverINS_4TestEE22GetTearDownCaseOrSuiteEPKci
FNDA:0,_ZN7testing8internal9GetTypeIdINS0_12_GLOBAL__N_111FailureTestEEEPKvv
FNF:42
FNH:20
DA:293,0
DA:318,0
DA:321,0
DA:327,0
DA:330,0
DA:339,0
DA:342,0
DA:344,0
DA:345,0
DA:370,0
DA:371,0
DA:373,0
DA:376,0
DA:382,0
DA:384,0
DA:385,0
DA:386,0
DA:432,1300
DA:437,1300
DA:451,1200
DA:458,1200
DA:470,132
DA:491,1200
DA:492,1200
DA:504,4800
DA:506,4800
DA:519,1200
DA:523,1200
DA:525,1200
DA:527,1200
DA:530,0
DA:532,1200
DA:540,1200
DA:544,1200
DA:546,1200
DA:548,1200
DA:551,0
DA:553,1200
DA:650,0
DA:651,0
DA:652,0
DA:653,0
DA:655,0
DA:657,0
DA:662,0
DA:663,0
DA:664,0
DA:842,0
DA:872,100
DA:874,0
LF:50
LH:20
end_of_record
TN:
SF:/home/artur/Treinamento/Simulação_de_Tráfego/tests/build/_deps/googletest-src/googletest/include/gtest/internal/gtest-param-util.h
FN:691,_ZN7testing8internal30ParameterizedTestSuiteRegistryC2Ev
FN:692,_ZN7testing8internal30ParameterizedTestSuiteRegistryD2Ev
FN:729,_ZN7testing8internal30ParameterizedTestSuiteRegistry13RegisterTestsEv
FN:773,_ZN7testing8internal34TypeParameterizedTestSuiteRegistry30TypeParameterizedTestSuiteInfoC2ENS0_12CodeLocationE
FNDA:100,_ZN7testing8internal30ParameterizedTestSuiteRegistryC2Ev
FNDA:100,_ZN7testing8internal30ParameterizedTestSuiteRegistry13RegisterTestsEv
FNDA:100,_ZN7testing8internal30ParameterizedTestSuiteRegistryD2Ev
FNDA:0,_ZN7testing8internal34TypeParameterizedTestSuiteRegistry30TypeParameterizedTestSuiteInfoC2ENS0_12CodeLocationE
FNF:4
FNH:3
DA:691,100
DA:692,100
DA:693,100
DA:694,0
DA:696,100
DA:729,100
DA:730,100
DA:731,0
DA:733,100
DA:773,0
DA:774,0
LF:11
LH:7
end_of_record
TN:
SF:/home/artur/Treinamento/Simulação_de_Tráfego/tests/build/_deps/googletest-src/googletest/include/gtest/internal/gtest-port.h
FN:970,_ZN7testing8internal8GTestLog9GetStreamEv
FN:986,_ZN7testing8internal11LogToStderrEv
FN:987,_ZN7testing8internal12FlushInfoLogEv
FN:1068,_ZN7testing8internal13ImplicitCast_IPKvEET_S4_
FN:1119,_ZN7testing8internal27CheckedDowncastToActualTypeINS0_11ThreadLocalIPNS_31TestPartResultReporterInterfaceEE11ValueHolderENS0_26ThreadLocalValueHolderBaseEEEPT_PT0_
FN:1119,_ZN7testing8internal27CheckedDowncastToActualTypeINS0_11ThreadLocalISt6vectorINS0_9TraceInfoESaIS4_EEE11ValueHolderENS0_26ThreadLocalValueHolderBaseEEEPT_PT0_
FN:1622,_ZN7testing8internal9MutexBase4LockEv
FN:1629,_ZN7testing8internal9MutexBase6UnlockEv
FN:1679,_ZN7testing8internal5MutexC2Ev
FN:1683,_ZN7testing8internal5MutexD2Ev
FN:1697,_ZN7testing8internal14GTestMutexLockC2EPNS0_9MutexBaseE
FN:1699,_ZN7testing8internal14GTestMutexLockD2Ev
FN:1718,_ZN7testing8internal26ThreadLocalValueHolderBaseD2Ev
FN:1718,_ZN7testing8internal26ThreadLocalValueHolderBaseD0Ev
FN:1723,DeleteThreadLocalValue
FN:1731,_ZN7testing8internal11ThreadLocalISt6vectorINS0_9TraceInfoESaIS3_EEEC2Ev
FN:1733,_ZN7testing8internal11ThreadLocalIPNS_31TestPartResultReporterInterfaceEEC2ERKS3_
FN:1737,_ZN7testing8internal11ThreadLocalISt6vectorINS0_9TraceInfoESaIS3_EEED2Ev
FN:1737,_ZN7testing8internal11ThreadLocalIPNS_31TestPartResultReporterInterfaceEED2Ev
FN:1746,_ZN7testing8internal11ThreadLocalIPNS_31TestPartResultReporterInterfaceEE7pointerEv
FN:1746,_ZN7testing8internal11ThreadLocalISt6vectorINS0_9TraceInfoESaIS3_EEE7pointerEv
FN:1747,_ZNK7testing8internal11ThreadLocalIPNS_31TestPartResultReporterInterfaceEE7pointerEv
FN:1748,_ZNK7testing8internal11ThreadLocalIPNS_31TestPartResultReporterInterfaceEE3getEv
FN:1749,_ZN7testing8internal11ThreadLocalIPNS_31TestPartResultReporterInterfaceEE3setERKS3_
FN:1755,_ZN7testing8internal11ThreadLocalISt6vectorINS0_9TraceInfoESaIS3_EEE11ValueHolderC2Ev
FN:1756,_ZN7testing8internal11ThreadLocalIPNS_31TestPartResultReporterInterfaceEE11ValueHolderC2ERKS3_
FN:1758,_ZN7testing8internal11ThreadLocalISt6vectorINS0_9TraceInfoESaIS3_EEE11ValueHolder7pointerEv
FN:1758,_ZN7testing8internal11ThreadLocalIPNS_31TestPartResultReporterInterfaceEE11ValueHolder7pointerEv
FN:1766,_ZN7testing8internal11ThreadLocalISt6vectorINS0_9TraceInfoESaIS3_EEE9CreateKeyEv
FN:1766,_ZN7testing8internal11ThreadLocalIPNS_31TestPartResultReporterInterfaceEE9CreateKeyEv
FN:1775,_ZNK7testing8internal11ThreadLocalISt6vectorINS0_9TraceInfoESaIS3_EEE16GetOrCreateValueEv
FN:1775,_ZNK7testing8internal11ThreadLocalIPNS_31TestPartResultReporterInterfaceEE16GetOrCreateValueEv
FN:1790,_ZN7testing8internal11ThreadLocalISt6vectorINS0_9TraceInfoESaIS3_EEE18ValueHolderFactoryC2Ev
FN:1790,_ZN7testing8internal11ThreadLocalIPNS_31TestPartResultReporterInterfaceEE18ValueHolderFactoryC2Ev
FN:1791,_ZN7testing8internal11ThreadLocalISt6vectorINS0_9TraceInfoESaIS3_EEE18ValueHolderFactoryD2Ev
FN:1791,_ZN7testing8internal11ThreadLocalIPNS_31TestPartResultReporterInterfaceEE18ValueHolderFactoryD0Ev
FN:1791,_ZN7testing8internal11ThreadLocalISt6vectorINS0_9TraceInfoESaIS3_EEE18ValueHolderFactoryD0Ev
FN:1791,_ZN7testing8internal11ThreadLocalIPNS_31TestPartResultReporterInterfaceEE18ValueHolderFactoryD2Ev
FN:1801,_ZN7testing8internal11ThreadLocalISt6vectorINS0_9TraceInfoESaIS3_EEE25DefaultValueHolderFactoryC2Ev
FN:1802,_ZNK7testing8internal11ThreadLocalISt6vectorINS0_9TraceInfoESaIS3_EEE25DefaultValueHolderFactory13MakeNewHolderEv
FN:1812,_ZN7testing8internal11ThreadLocalIPNS_31TestPartResultReporterInterfaceEE26InstanceValueHolderFactoryC2ERKS3_
FN:1813,_ZNK7testing8internal11ThreadLocalIPNS_31TestPartResultReporterInterfaceEE26InstanceValueHolderFactory13MakeNewHolderEv
FN:1908,_ZN7testing8internal7IsDigitEc
FN:1914,_ZN7testing8internal7IsSpaceEc
FN:1920,_ZN7testing8internal8IsXDigitEc
FN:1928,_ZN7testing8internal8IsXDigitEDs
FN:1932,_ZN7testing8internal8IsXDigitEDi
FN:1936,_ZN7testing8internal8IsXDigitEw
FN:1944,_ZN7testing8internal7ToUpperEc
FN:1948,_ZN7testing8internal19StripTrailingSpacesENSt7__cxx1112basic_stringIcSt11char_traitsIcESaIcEEE
FN:2018,_ZN7testing8internal5posix6FileNoEP8_IO_FILE
FN:2019,_ZN7testing8internal5posix8DoIsATTYEi
FN:2020,_ZN7testing8internal5posix4StatEPKcP4stat
FN:2021,_ZN7testing8internal5posix10StrCaseCmpEPKcS3_
FN:2024,_ZN7testing8internal5posix6StrDupEPKc
FN:2031,_ZN7testing8internal5posix5IsDirERK4stat
FN:2035,_ZN7testing8internal5posix6IsATTYEi
FN:2059,_ZN7testing8internal5posix5FOpenEPKcS3_
FN:2074,_ZN7testing8internal5posix6FDOpenEiPKc
FN:2076,_ZN7testing8internal5posix6FCloseEP8_IO_FILE
FN:2078,_ZN7testing8internal5posix4ReadEiPvj
FN:2081,_ZN7testing8internal5posix5WriteEiPKvj
FN:2084,_ZN7testing8internal5posix5CloseEi
FN:2085,_ZN7testing8internal5posix8StrErrorEi
FN:2087,_ZN7testing8internal5posix6GetEnvEPKc
FN:2112,_ZN7testing8internal5posix5AbortEv
FNDA:0,_ZN7testing8internal5posix4ReadEiPvj
FNDA:0,_ZN7testing8internal14GTestMutexLockC2EPNS0_9MutexBaseE
FNDA:0,_ZN7testing8internal7IsDigitEc
FNDA:0,_ZN7testing8internal13ImplicitCast_IPKvEET_S4_
FNDA:100,_ZN7testing8internal11ThreadLocalIPNS_31TestPartResultReporterInterfaceEEC2ERKS3_
FNDA:0,_ZN7testing8internal8IsXDigitEw
FNDA:0,_ZN7testing8internal9MutexBase4LockEv
FNDA:99,_ZN7testing8internal5posix6IsATTYEi
FNDA:0,_ZNK7testing8internal11ThreadLocalIPNS_31TestPartResultReporterInterfaceEE7pointerEv
FNDA:99,_ZN7testing8internal5posix6FileNoEP8_IO_FILE
FNDA:100,_ZN7testing8internal11ThreadLocalISt6vectorINS0_9TraceInfoESaIS3_EEE9CreateKeyEv
FNDA:0,_ZNK7testing8internal11ThreadLocalISt6vectorINS0_9TraceInfoESaIS3_EEE16GetOrCreateValueEv
FNDA:0,_ZN7testing8internal27CheckedDowncastToActualTypeINS0_11ThreadLocalISt6vectorINS0_9TraceInfoESaIS4_EEE11ValueHolderENS0_26ThreadLocalValueHolderBaseEEEPT_PT0_
FNDA:198,_ZN7testing8internal5posix10StrCaseCmpEPKcS3_
FNDA:100,_ZN7testing8internal11ThreadLocalIPNS_31TestPartResultReporterInterfaceEE26InstanceValueHolderFactoryC2ERKS3_
FNDA:0,_ZN7testing8internal5posix5AbortEv
FNDA:0,_ZN7testing8internal8IsXDigitEDs
FNDA:0,_ZN7testing8internal5posix6FCloseEP8_IO_FILE
FNDA:100,_ZN7testing8internal11ThreadLocalISt6vectorINS0_9TraceInfoESaIS3_EEE18ValueHolderFactoryD2Ev
FNDA:0,_ZN7testing8internal27CheckedDowncastToActualTypeINS0_11ThreadLocalIPNS_31TestPartResultReporterInterfaceEE11ValueHolderENS0_26ThreadLocalValueHolderBaseEEEPT_PT0_
FNDA:0,_ZN7testing8internal5posix6FDOpenEiPKc
FNDA:0,_ZN7testing8internal11ThreadLocalISt6vectorINS0_9TraceInfoESaIS3_EEE11ValueHolderC2Ev
FNDA:0,_ZN7testing8internal19StripTrailingSpacesENSt7__cxx1112basic_stringIcSt11char_traitsIcESaIcEEE
FNDA:3097,_ZN7testing8internal5posix6GetEnvEPKc
FNDA:1800,_ZN7testing8internal5MutexC2Ev
FNDA:0,_ZN7testing8internal5posix4StatEPKcP4stat
FNDA:0,_ZN7testing8internal8IsXDigitEDi
FNDA:0,_ZN7testing8internal11ThreadLocalIPNS_31TestPartResultReporterInterfaceEE3setERKS3_
FNDA:0,_ZN7testing8internal5posix8StrErrorEi
FNDA:0,_ZN7testing8internal5posix5WriteEiPKvj
FNDA:0,_ZN7testing8internal11ThreadLocalIPNS_31TestPartResultReporterInterfaceEE7pointerEv
FNDA:0,_ZN7testing8internal14GTestMutexLockD2Ev
FNDA:0,_ZN7testing8internal8IsXDigitEc
FNDA:0,_ZN7testing8internal11ThreadLocalISt6vectorINS0_9TraceInfoESaIS3_EEE7pointerEv
FNDA:100,_ZN7testing8internal11ThreadLocalIPNS_31TestPartResultReporterInterfaceEE18ValueHolderFactoryC2Ev
FNDA:0,_ZN7testing8internal7IsSpaceEc
FNDA:0,_ZNK7testing8internal11ThreadLocalISt6vectorINS0_9TraceInfoESaIS3_EEE25DefaultValueHolderFactory13MakeNewHolderEv
FNDA:0,_ZN7testing8internal12FlushInfoLogEv
FNDA:100,_ZN7testing8internal11ThreadLocalIPNS_31TestPartResultReporterInterfaceEE18ValueHolderFactoryD2Ev
FNDA:100,_ZN7testing8internal11ThreadLocalISt6vectorINS0_9TraceInfoESaIS3_EEEC2Ev
FNDA:100,_ZN7testing8internal11ThreadLocalISt6vectorINS0_9TraceInfoESaIS3_EEE18ValueHolderFactoryC2Ev
FNDA:0,_ZN7testing8internal11LogToStderrEv
FNDA:100,_ZN7testing8internal11ThreadLocalIPNS_31TestPartResultReporterInterfaceEED2Ev
FNDA:99,_ZN7testing8internal5posix8DoIsATTYEi
FNDA:0,_ZN7testing8internal5posix5FOpenEPKcS3_
FNDA:0,_ZN7testing8internal26ThreadLocalValueHolderBaseD0Ev
FNDA:1800,_ZN7testing8internal5MutexD2Ev
FNDA:0,_ZN7testing8internal11ThreadLocalISt6vectorINS0_9TraceInfoESaIS3_EEE18ValueHolderFactoryD0Ev
FNDA:100,_ZN7testing8internal11ThreadLocalIPNS_31TestPartResultReporterInterfaceEE9CreateKeyEv
FNDA:0,_ZN7testing8internal5posix5IsDirERK4stat
FNDA:0,_ZN7testing8internal9MutexBase6UnlockEv
FNDA:200,DeleteThreadLocalValue
FNDA:0,_ZN7testing8internal26ThreadLocalValueHolderBaseD2Ev
FNDA:41400,_ZN7testing8internal7ToUpperEc
FNDA:100,_ZN7testing8internal11ThreadLocalISt6vectorINS0_9TraceInfoESaIS3_EEED2Ev
FNDA:0,_ZN7testing8internal5posix6StrDupEPKc
FNDA:0,_ZN7testing8internal8GTestLog9GetStreamEv
FNDA:0,_ZN7testing8internal11ThreadLocalISt6vectorINS0_9TraceInfoESaIS3_EEE11ValueHolder7pointerEv
FNDA:0,_ZN7testing8internal11ThreadLocalIPNS_31TestPartResultReporterInterfaceEE11ValueHolder7pointerEv
FNDA:0,_ZNK7testing8internal11ThreadLocalIPNS_31TestPartResultReporterInterfaceEE16GetOrCreateValueEv
FNDA:100,_ZN7testing8internal11ThreadLocalISt6vectorINS0_9TraceInfoESaIS3_EEE25DefaultValueHolderFactoryC2Ev
FNDA:0,_ZN7testing8internal5posix5CloseEi
FNDA:0,_ZNK7testing8internal11ThreadLocalIPNS_31TestPartResultReporterInterfaceEE3getEv
FNDA:0,_ZNK7testing8internal11ThreadLocalIPNS_31TestPartResultReporterInterfaceEE26InstanceValueHolderFactory13MakeNewHolderEv
FNDA:0,_ZN7testing8internal11ThreadLocalIPNS_31TestPartResultReporterInterfaceEE11ValueHolderC2ERKS3_
FNDA:0,_ZN7testing8internal11ThreadLocalIPNS_31TestPartResultReporterInterfaceEE18ValueHolderFactoryD0Ev
FNF:66
FNH:21
DA:970,0
DA:986,0
DA:987,0
DA:1068,0
DA:1069,0
DA:1119,0
DA:1121,0
DA:1127,0
DA:1622,0
DA:1623,0
DA:1624,0
DA:1625,0
DA:1626,0
DA:1629,0
DA:1634,0
DA:1635,0
DA:1636,0
DA:1679,1800
DA:1680,1800
DA:1681,1800
DA:1682,1800
DA:1683,1800
DA:1697,0
DA:1699,0
DA:1718,0
DA:1723,200
DA:1724,200
DA:1725,200
DA:1731,100
DA:1732,100
DA:1733,100
DA:1734,100
DA:1735,100
DA:1737,200
DA:1739,200
DA:1743,200
DA:1744,200
DA:1746,0
DA:1747,0
DA:1748,0
DA:1749,0
DA:1755,0
DA:1756,0
DA:1758,0
DA:1766,200
DA:1770,200
DA:1772,200
DA:1775,0
DA:1777,0
DA:1778,0
DA:1779,0
DA:1782,0
DA:1783,0
DA:1784,0
DA:1785,0
DA:1790,200
DA:1791,200
DA:1801,100
DA:1802,0
DA:1812,100
DA:1813,0
DA:1814,0
DA:1908,0
DA:1909,0
DA:1914,0
DA:1915,0
DA:1920,0
DA:1921,0
DA:1928,0
DA:1929,0
DA:1930,0
DA:1932,0
DA:1933,0
DA:1934,0
DA:1936,0
DA:1937,0
DA:1938,0
DA:1944,41400
DA:1945,41400
DA:1948,0
DA:1949,0
DA:1950,0
DA:1951,0
DA:2018,99
DA:2019,99
DA:2020,0
DA:2021,198
DA:2022,198
DA:2024,0
DA:2031,0
DA:2035,99
DA:2039,99
DA:2040,99
DA:2041,99
DA:2043,99
DA:2059,0
DA:2067,0
DA:2074,0
DA:2076,0
DA:2078,0
DA:2079,0
DA:2081,0
DA:2082,0
DA:2084,0
DA:2085,0
DA:2087,3097
DA:2100,3097
DA:2112,0
LF:108
LH:37
end_of_record
TN:
SF:/home/artur/Treinamento/Simulação_de_Tráfego/tests/build/_deps/googletest-src/googletest/src/gtest-assertion-result.cc
FN:45,_ZN7testing15AssertionResultC2ERKS0_
FN:52,_ZN7testing15AssertionResult4swapERS0_
FN:59,_ZNK7testing15AssertionResultntEv
FN:66,_ZN7testing16AssertionSuccessEv
FN:69,_ZN7testing16AssertionFailureEv
FN:73,_ZN7testing16AssertionFailureERKNS_7MessageE
FNDA:176,_ZN7testing16AssertionSuccessEv
FNDA:0,_ZN7testing16AssertionFailureERKNS_7MessageE
FNDA:0,_ZN7testing15AssertionResult4swapERS0_
FNDA:0,_ZN7testing16AssertionFailureEv
FNDA:0,_ZNK7testing15AssertionResultntEv
FNDA:0,_ZN7testing15AssertionResultC2ERKS0_
FNF:6
FNH:1
DA:45,0
DA:46,0
DA:47,0
DA:48,0
DA:49,0
DA:52,0
DA:54,0
DA:55,0
DA:56,0
DA:59,0
DA:60,0
DA:61,0
DA:62,0
DA:63,0
DA:66,176
DA:69,0
DA:73,0
DA:74,0
LF:18
LH:1
end_of_record
TN:
SF:/home/artur/Treinamento/Simulação_de_Tráfego/tests/build/_deps/googletest-src/googletest/src/gtest-death-test.cc
FN:149,_ZN7testing8internal16InDeathTestChildEv
FN:168,_ZN7testing14ExitedWithCodeC2Ei
FN:171,_ZNK7testing14ExitedWithCodeclEi
FN:185,_ZN7testing14KilledBySignalC2Ei
FN:188,_ZNK7testing14KilledBySignalclEi
FN:207,_ZN7testing8internalL11ExitSummaryEi
[...]
DA:2295,0
DA:2298,0
DA:2300,0
DA:2301,0
DA:2302,0
DA:2303,0
DA:2304,0
DA:2305,0
DA:2307,0
DA:2310,0
DA:2314,0
DA:2316,0
DA:2317,0
DA:2318,0
DA:2319,0
DA:2320,0
DA:2321,0
DA:2323,0
DA:2326,0
DA:2329,0
DA:2330,0
DA:2331,0
DA:2332,0
DA:2333,0
DA:2335,0
DA:2336,0
DA:2338,0
DA:2340,0
DA:2341,0
DA:2343,0
DA:2346,0
DA:2347,0
DA:2348,0
DA:2349,0
DA:2350,0
DA:2351,0
DA:2353,0
DA:2358,0
DA:2360,0
DA:2361,0
DA:2365,1485
DA:2366,1485
DA:2367,1485
DA:2368,1485
DA:2369,1485
DA:2370,1485
DA:2373,0
DA:2374,0
DA:2378,759
DA:2379,759
DA:2383,1932
DA:2384,1932
DA:2385,0
DA:2387,1932
DA:2391,0
DA:2392,0
DA:2396,363
DA:2397,363
DA:2401,0
DA:2402,0
DA:2406,0
DA:2407,0
DA:2412,1932
DA:2413,1932
DA:2417,0
DA:2418,0
DA:2426,132
DA:2431,132
DA:2436,132
DA:2441,132
DA:2444,0
DA:2445,0
DA:2446,0
DA:2449,0
DA:2450,0
DA:2451,0
DA:2452,0
DA:2453,0
DA:2457,0
DA:2461,0
DA:2467,0
DA:2476,132
DA:2477,132
DA:2478,132
DA:2481,132
DA:2482,132
DA:2483,132
DA:2486,132
DA:2487,132
DA:2488,132
DA:2490,132
DA:2492,0
DA:2494,0
DA:2496,0
DA:2503,0
DA:2505,0
DA:2508,0
DA:2509,0
DA:2510,0
DA:2511,0
DA:2512,0
DA:2513,0
DA:2514,0
DA:2515,0
DA:2516,0
DA:2517,0
DA:2520,0
DA:2521,0
DA:2522,0
DA:2523,0
DA:2524,0
DA:2525,0
DA:2526,0
DA:2527,0
DA:2528,0
DA:2529,0
DA:2531,0
DA:2534,132
DA:2559,0
DA:2561,0
DA:2562,0
DA:2563,0
DA:2565,0
DA:2567,0
DA:2569,0
DA:2570,0
DA:2575,0
DA:2576,0
DA:2577,0
DA:2590,970
DA:2609,970
DA:2617,970
DA:2642,970
DA:2645,970
DA:2646,0
DA:2648,0
DA:2652,0
DA:2653,0
DA:2654,0
DA:2656,0
DA:2657,0
DA:2658,0
DA:2662,0
DA:2667,0
DA:2674,132
DA:2675,132
DA:2677,132
DA:2678,132
DA:2679,132
DA:2682,132
DA:2683,132
DA:2684,132
DA:2691,132
DA:2692,132
DA:2697,363
DA:2698,363
DA:2702,0
DA:2705,0
DA:2709,363
DA:2710,363
DA:2717,1200
DA:2722,1200
DA:2723,1200
DA:2725,1200
DA:2726,1200
DA:2727,1200
DA:2728,1200
DA:2729,1200
DA:2730,1200
DA:2731,1200
DA:2732,1200
DA:2733,1200
DA:2734,1200
DA:2735,1200
DA:2738,1200
DA:2760,1200
DA:2767,1200
DA:2768,1200
DA:2769,1200
DA:2772,0
DA:2774,0
DA:2776,0
DA:2777,0
DA:2778,0
DA:2779,0
DA:2780,0
DA:2781,0
DA:2782,0
DA:2783,0
DA:2785,0
DA:2787,0
DA:2788,0
DA:2824,100
DA:2825,100
DA:2826,100
DA:2827,100
DA:2828,100
DA:2830,100
DA:2836,628
DA:2837,628
DA:2838,628
DA:2839,496
DA:2840,496
DA:2844,132
DA:2845,132
DA:2848,132
DA:2849,132
DA:2850,132
DA:2851,132
DA:2854,264
DA:2855,132
DA:2861,132
DA:2864,132
DA:2867,132
DA:2869,132
DA:2870,132
DA:2874,132
DA:2877,132
DA:2881,132
DA:2885,0
DA:2886,0
DA:2888,0
DA:2889,0
DA:2891,0
DA:2894,0
DA:2897,0
DA:2898,0
DA:2902,0
DA:2903,0
DA:2904,0
DA:2909,297
DA:2910,297
DA:2914,297
DA:2915,297
DA:2919,210
DA:2920,210
DA:2924,297
DA:2925,297
DA:2929,0
DA:2930,0
DA:2934,0
DA:2935,0
DA:2939,804
DA:2940,804
DA:2944,733
DA:2945,733
DA:2957,300
DA:2959,300
DA:2960,300
DA:2961,300
DA:2962,300
DA:2963,300
DA:2964,300
DA:2965,300
DA:2966,600
DA:2969,900
DA:2971,300
DA:2972,600
DA:2976,0
DA:2977,0
DA:2978,0
DA:2983,628
DA:2984,628
DA:2985,628
DA:2990,1200
DA:2991,1200
DA:2992,1200
DA:2993,1200
DA:2996,297
DA:2997,297
DA:2999,105
DA:3000,105
DA:3002,105
DA:3005,105
DA:3008,105
DA:3011,105
DA:3012,105
DA:3015,105
DA:3017,105
DA:3018,105
DA:3019,733
DA:3020,628
DA:3021,0
DA:3023,628
DA:3025,628
DA:3026,0
DA:3027,0
DA:3028,0
DA:3030,0
DA:3033,105
DA:3035,105
DA:3036,105
DA:3040,105
DA:3043,105
DA:3046,105
DA:3050,0
DA:3051,0
DA:3053,0
DA:3054,0
DA:3056,0
DA:3059,0
DA:3062,0
DA:3065,0
DA:3066,0
DA:3070,0
DA:3073,0
DA:3076,0
DA:3080,297
DA:3081,297
DA:3082,297
DA:3083,297
DA:3086,0
DA:3087,0
DA:3088,0
DA:3091,297
DA:3092,1485
DA:3093,1188
DA:3095,297
DA:3102,705
DA:3104,1410
DA:3105,2115
DA:3109,297
DA:3110,297
DA:3114,198
DA:3115,198
DA:3122,0
DA:3123,0
DA:3124,0
DA:3125,0
DA:3126,0
DA:3127,0
DA:3129,0
DA:3134,0
DA:3136,0
DA:3137,0
DA:3147,0
DA:3149,0
DA:3151,0
DA:3152,0
DA:3153,0
DA:3154,0
DA:3155,0
DA:3159,0
DA:3160,0
DA:3161,0
DA:3162,0
DA:3174,0
DA:3229,105
DA:3230,105
DA:3231,0
DA:3232,0
DA:3233,105
DA:3234,105
DA:3235,0
DA:3236,0
DA:3237,0
DA:3238,0
DA:3245,99
DA:3246,99
DA:3247,99
DA:3249,99
DA:3256,99
DA:3257,297
DA:3258,198
DA:3259,198
DA:3260,198
DA:3261,198
DA:3262,198
DA:3263,198
DA:3264,198
DA:3265,198
DA:3266,99
DA:3270,0
DA:3271,0
DA:3272,0
DA:3273,0
DA:3277,99
DA:3285,1065
DA:3287,1065
DA:3290,1065
DA:3291,1065
DA:3293,1065
DA:3294,960
DA:3295,960
DA:3296,960
DA:3321,105
DA:3322,105
DA:3323,105
DA:3325,105
DA:3333,0
DA:3334,0
DA:3335,0
DA:3337,0
DA:3338,0
DA:3339,0
DA:3340,0
DA:3341,0
DA:3343,0
DA:3344,0
DA:3347,0
DA:3354,100
DA:3355,264
DA:3356,264
DA:3357,264
DA:3360,99
DA:3363,99
DA:3382,99
DA:3384,99
DA:3393,99
DA:3395,99
DA:3396,0
DA:3398,99
DA:3399,99
DA:3403,99
DA:3404,96
DA:3408,99
DA:3409,0
DA:3410,0
DA:3415,99
DA:3416,0
DA:3421,99
DA:3422,198
DA:3423,198
DA:3424,198
DA:3425,99
DA:3426,99
DA:3428,99
DA:3430,99
DA:3431,99
DA:3432,99
DA:3433,99
DA:3436,105
DA:3438,105
DA:3439,105
DA:3440,105
DA:3441,105
DA:3442,105
DA:3444,0
DA:3446,105
DA:3447,105
DA:3464,132
DA:3465,132
DA:3466,132
DA:3467,132
DA:3468,132
DA:3469,132
DA:3471,0
DA:3472,0
DA:3473,0
DA:3474,0
DA:3475,0
DA:3476,0
DA:3479,0
DA:3481,0
DA:3483,0
DA:3484,0
DA:3485,0
DA:3488,0
DA:3489,0
DA:3493,132
DA:3494,132
DA:3495,132
DA:3496,0
DA:3497,0
DA:3499,0
DA:3501,132
DA:3502,132
DA:3504,132
DA:3505,132
DA:3506,264
DA:3509,0
DA:3511,132
DA:3512,132
DA:3515,105
DA:3516,105
DA:3519,105
DA:3520,105
DA:3521,105
DA:3522,210
DA:3523,105
DA:3524,105
DA:3538,99
DA:3540,99
DA:3541,99
DA:3542,99
DA:3543,99
DA:3546,0
DA:3547,0
DA:3548,0
DA:3549,0
DA:3551,0
DA:3552,0
DA:3553,0
DA:3554,0
DA:3556,0
DA:3557,0
DA:3558,0
DA:3559,0
DA:3561,0
DA:3562,0
DA:3563,0
DA:3564,0
DA:3567,0
DA:3569,0
DA:3573,0
DA:3575,0
DA:3576,0
DA:3577,0
DA:3578,0
DA:3579,0
DA:3581,0
DA:3582,0
DA:3583,0
DA:3584,0
DA:3587,0
DA:3588,0
DA:3591,0
DA:3594,0
DA:3595,0
DA:3596,0
DA:3597,0
DA:3600,0
DA:3601,0
DA:3602,0
DA:3603,0
DA:3605,0
DA:3606,0
DA:3607,0
DA:3608,0
DA:3610,0
DA:3611,0
DA:3612,0
DA:3617,99
DA:3619,99
DA:3620,198
DA:3621,198
DA:3622,198
DA:3623,99
DA:3624,99
DA:3625,198
DA:3627,99
DA:3628,99
DA:3629,99
DA:3631,99
DA:3632,99
DA:3633,0
DA:3634,0
DA:3635,0
DA:3638,99
DA:3639,0
DA:3640,0
DA:3643,99
DA:3644,99
DA:3645,0
DA:3646,0
DA:3648,0
DA:3652,99
DA:3653,99
DA:3662,0
DA:3663,0
DA:3664,0
DA:3665,0
DA:3668,0
DA:3669,0
DA:3670,0
DA:3671,0
DA:3672,0
DA:3674,0
DA:3679,0
DA:3680,0
DA:3685,0
DA:3690,0
DA:3691,0
DA:3693,0
DA:3697,0
DA:3699,0
DA:3701,0
DA:3702,0
DA:3703,0
DA:3706,0
DA:3707,0
DA:3711,0
DA:3712,0
DA:3713,0
DA:3714,0
DA:3715,0
DA:3717,0
DA:3718,0
DA:3719,0
DA:3722,0
DA:3724,0
DA:3726,0
DA:3728,0
DA:3730,0
DA:3731,0
DA:3732,0
DA:3733,0
DA:3734,0
DA:3735,0
DA:3736,0
DA:3738,0
DA:3739,0
DA:3740,0
DA:3742,0
DA:3743,0
DA:3744,0
DA:3745,0
DA:3748,0
DA:3749,0
DA:3750,0
DA:3751,0
DA:3753,0
DA:3757,0
DA:3758,0
DA:3767,100
DA:3774,0
DA:3775,0
DA:3811,200
DA:3812,100
DA:3813,200
DA:3815,100
DA:3816,100
DA:3817,100
DA:3819,100
DA:3820,100
DA:3821,0
DA:3822,0
DA:3823,0
DA:3827,100
DA:3851,198
DA:3852,198
DA:3855,210
DA:3857,210
DA:3858,264
DA:3859,0
DA:3860,0
DA:3861,198
DA:3862,198
DA:3863,198
DA:3864,264
DA:3867,210
DA:3869,210
DA:3870,198
DA:3875,99
DA:3877,99
DA:3878,198
DA:3879,99
DA:3882,99
DA:3884,99
DA:3886,99
DA:3887,198
DA:3888,99
DA:3891,99
DA:3910,0
DA:3911,0
DA:3916,0
DA:3917,0
DA:3930,0
DA:3931,0
DA:3991,0
DA:3992,0
DA:3993,0
DA:3994,0
DA:3996,0
DA:3999,0
DA:4001,0
DA:4002,0
DA:4003,0
DA:4004,0
DA:4005,0
DA:4006,0
DA:4008,0
DA:4010,0
DA:4011,0
DA:4012,0
DA:4013,0
DA:4014,0
DA:4015,0
DA:4027,0
DA:4029,0
DA:4031,0
DA:4032,0
DA:4033,0
DA:4034,0
DA:4035,0
DA:4036,0
DA:4037,0
DA:4038,0
DA:4039,0
DA:4040,0
DA:4041,0
DA:4042,0
DA:4043,0
DA:4044,0
DA:4045,0
DA:4047,0
DA:4048,0
DA:4049,0
DA:4050,0
DA:4051,0
DA:4053,0
DA:4054,0
DA:4055,0
DA:4056,0
DA:4057,0
DA:4058,0
DA:4059,0
DA:4060,0
DA:4062,0
DA:4064,0
DA:4068,0
DA:4069,0
DA:4074,0
DA:4076,0
DA:4077,0
DA:4078,0
DA:4079,0
DA:4080,0
DA:4082,0
DA:4083,0
DA:4102,0
DA:4103,0
DA:4104,0
DA:4105,0
DA:4106,0
DA:4108,0
DA:4123,0
DA:4129,0
DA:4131,0
DA:4132,0
DA:4134,0
DA:4135,0
DA:4136,0
DA:4137,0
DA:4138,0
DA:4139,0
DA:4140,0
DA:4144,0
DA:4146,0
DA:4147,0
DA:4149,0
DA:4150,0
DA:4151,0
DA:4152,0
DA:4153,0
DA:4154,0
DA:4156,0
DA:4157,0
DA:4159,0
DA:4160,0
DA:4161,0
DA:4163,0
DA:4167,0
DA:4169,0
DA:4172,0
DA:4174,0
DA:4175,0
DA:4178,0
DA:4181,0
DA:4182,0
DA:4183,0
DA:4184,0
DA:4185,0
DA:4186,0
DA:4187,0
DA:4188,0
DA:4189,0
DA:4190,0
DA:4192,0
DA:4193,0
DA:4196,0
DA:4197,0
DA:4198,0
DA:4199,0
DA:4200,0
DA:4201,0
DA:4202,0
DA:4203,0
DA:4205,0
DA:4208,0
DA:4211,0
DA:4212,0
DA:4215,0
DA:4218,0
DA:4219,0
DA:4221,0
DA:4222,0
DA:4225,0
DA:4226,0
DA:4228,0
DA:4229,0
DA:4232,0
DA:4233,0
DA:4237,0
DA:4238,0
DA:4239,0
DA:4240,0
DA:4241,0
DA:4242,0
DA:4245,0
DA:4246,0
DA:4247,0
DA:4248,0
DA:4249,0
DA:4251,0
DA:4252,0
DA:4253,0
DA:4255,0
DA:4256,0
DA:4258,0
DA:4259,0
DA:4261,0
DA:4263,0
DA:4264,0
DA:4265,0
DA:4266,0
DA:4267,0
DA:4268,0
DA:4269,0
DA:4273,0
DA:4274,0
DA:4275,0
DA:4276,0
DA:4277,0
DA:4278,0
DA:4279,0
DA:4280,0
DA:4281,0
DA:4282,0
DA:4286,0
DA:4287,0
DA:4289,0
DA:4290,0
DA:4291,0
DA:4292,0
DA:4293,0
DA:4296,0
DA:4297,0
DA:4299,0
DA:4300,0
DA:4302,0
DA:4303,0
DA:4305,0
DA:4308,0
DA:4310,0
DA:4311,0
DA:4312,0
DA:4313,0
DA:4314,0
DA:4315,0
DA:4316,0
DA:4317,0
DA:4318,0
DA:4320,0
DA:4321,0
DA:4322,0
DA:4324,0
DA:4326,0
DA:4327,0
DA:4328,0
DA:4330,0
DA:4331,0
DA:4333,0
DA:4334,0
DA:4335,0
DA:4336,0
DA:4338,0
DA:4339,0
DA:4342,0
DA:4344,0
DA:4346,0
DA:4347,0
DA:4349,0
DA:4350,0
DA:4351,0
DA:4352,0
DA:4353,0
DA:4355,0
DA:4356,0
DA:4357,0
DA:4358,0
DA:4359,0
DA:4361,0
DA:4363,0
DA:4364,0
DA:4365,0
DA:4367,0
DA:4369,0
DA:4370,0
DA:4372,0
DA:4373,0
DA:4374,0
DA:4379,0
DA:4380,0
DA:4383,0
DA:4384,0
DA:4386,0
DA:4388,0
DA:4390,0
DA:4391,0
DA:4393,0
DA:4394,0
DA:4395,0
DA:4397,0
DA:4398,0
DA:4399,0
DA:4400,0
DA:4402,0
DA:4403,0
DA:4405,0
DA:4406,0
DA:4410,0
DA:4412,0
DA:4413,0
DA:4414,0
DA:4415,0
DA:4416,0
DA:4418,0
DA:4419,0
DA:4421,0
DA:4423,0
DA:4424,0
DA:4426,0
DA:4427,0
DA:4430,0
DA:4431,0
DA:4432,0
DA:4433,0
DA:4434,0
DA:4435,0
DA:4436,0
DA:4438,0
DA:4439,0
DA:4506,0
DA:4507,0
DA:4508,0
DA:4509,0
DA:4511,0
DA:4513,0
DA:4515,0
DA:4516,0
DA:4517,0
DA:4518,0
DA:4519,0
DA:4520,0
DA:4523,0
DA:4524,0
DA:4526,0
DA:4527,0
DA:4528,0
DA:4529,0
DA:4532,0
DA:4533,0
DA:4534,0
DA:4535,0
DA:4536,0
DA:4537,0
DA:4538,0
DA:4539,0
DA:4540,0
DA:4541,0
DA:4542,0
DA:4543,0
DA:4544,0
DA:4545,0
DA:4546,0
DA:4547,0
DA:4548,0
DA:4549,0
DA:4550,0
DA:4551,0
DA:4553,0
DA:4555,0
DA:4559,0
DA:4560,0
DA:4566,0
DA:4567,0
DA:4568,0
DA:4569,0
DA:4570,0
DA:4574,0
DA:4576,0
DA:4577,0
DA:4579,0
DA:4580,0
DA:4581,0
DA:4582,0
DA:4583,0
DA:4584,0
DA:4587,0
DA:4588,0
DA:4591,0
DA:4598,0
DA:4600,0
DA:4603,0
DA:4605,0
DA:4606,0
DA:4607,0
DA:4609,0
DA:4613,0
DA:4615,0
DA:4618,0
DA:4620,0
DA:4621,0
DA:4622,0
DA:4625,0
DA:4628,0
DA:4629,0
DA:4630,0
DA:4631,0
DA:4632,0
DA:4633,0
DA:4634,0
DA:4635,0
DA:4636,0
DA:4637,0
DA:4638,0
DA:4639,0
DA:4640,0
DA:4641,0
DA:4643,0
DA:4646,0
DA:4647,0
DA:4648,0
DA:4649,0
DA:4650,0
DA:4651,0
DA:4652,0
DA:4653,0
DA:4654,0
DA:4655,0
DA:4656,0
DA:4657,0
DA:4660,0
DA:4663,0
DA:4664,0
DA:4667,0
DA:4670,0
DA:4671,0
DA:4672,0
DA:4674,0
DA:4675,0
DA:4677,0
DA:4678,0
DA:4681,0
DA:4682,0
DA:4686,0
DA:4687,0
DA:4688,0
DA:4689,0
DA:4690,0
DA:4692,0
DA:4695,0
DA:4696,0
DA:4697,0
DA:4698,0
DA:4699,0
DA:4702,0
DA:4703,0
DA:4705,0
DA:4706,0
DA:4707,0
DA:4709,0
DA:4711,0
DA:4712,0
DA:4714,0
DA:4716,0
DA:4718,0
DA:4719,0
DA:4720,0
DA:4721,0
DA:4722,0
DA:4723,0
DA:4726,0
DA:4730,0
DA:4731,0
DA:4735,0
DA:4736,0
DA:4739,0
DA:4740,0
DA:4741,0
DA:4744,0
DA:4746,0
DA:4747,0
DA:4749,0
DA:4750,0
DA:4751,0
DA:4753,0
DA:4754,0
DA:4756,0
DA:4758,0
DA:4759,0
DA:4761,0
DA:4763,0
DA:4764,0
DA:4766,0
DA:4767,0
DA:4770,0
DA:4772,0
DA:4773,0
DA:4774,0
DA:4775,0
DA:4776,0
DA:4778,0
DA:4780,0
DA:4783,0
DA:4784,0
DA:4787,0
DA:4789,0
DA:4790,0
DA:4791,0
DA:4793,0
DA:4795,0
DA:4797,0
DA:4799,0
DA:4800,0
DA:4801,0
DA:4804,0
DA:4805,0
DA:4807,0
DA:4808,0
DA:4811,0
DA:4812,0
DA:4814,0
DA:4815,0
DA:4817,0
DA:4818,0
DA:4819,0
DA:4820,0
DA:4821,0
DA:4823,0
DA:4825,0
DA:4831,0
DA:4832,0
DA:4833,0
DA:4835,0
DA:4840,0
DA:4841,0
DA:4843,0
DA:4845,0
DA:4846,0
DA:4847,0
DA:4848,0
DA:4849,0
DA:4850,0
DA:4852,0
DA:4854,0
DA:4855,0
DA:4857,0
DA:4858,0
DA:4859,0
DA:4861,0
DA:4866,0
DA:4867,0
DA:4870,0
DA:4872,0
DA:4873,0
DA:4874,0
DA:4875,0
DA:4876,0
DA:4877,0
DA:4879,0
DA:4880,0
DA:4891,0
DA:4892,0
DA:4893,0
DA:4894,0
DA:4895,0
DA:4896,0
DA:4900,0
DA:4901,0
DA:4902,0
DA:4903,0
DA:4904,0
DA:4907,0
DA:4908,0
DA:4910,0
DA:4911,0
DA:4912,0
DA:4915,0
DA:4916,0
DA:4917,0
DA:4918,0
DA:4923,0
DA:4924,0
DA:4925,0
DA:4926,0
DA:4930,0
DA:4931,0
DA:4932,0
DA:4934,0
DA:4936,0
DA:4937,0
DA:4938,0
DA:4943,0
DA:4945,0
DA:4946,0
DA:4947,0
DA:4949,0
DA:4959,0
DA:5005,0
DA:5009,870
DA:5019,870
DA:5025,100
DA:5026,100
DA:5029,100
DA:5033,0
DA:5034,0
DA:5035,0
DA:5037,100
DA:5039,200
DA:5041,100
DA:5042,0
DA:5043,0
DA:5044,0
DA:5045,0
DA:5046,0
DA:5050,100
DA:5063,100
DA:5064,100
DA:5065,100
DA:5066,100
DA:5068,100
DA:5074,100
DA:5075,100
DA:5076,100
DA:5081,100
DA:5082,100
DA:5083,100
DA:5084,0
DA:5085,0
DA:5086,100
DA:5091,832
DA:5098,100
DA:5099,100
DA:5102,100
DA:5103,100
DA:5104,100
DA:5106,100
DA:5113,0
DA:5114,0
DA:5117,0
DA:5118,0
DA:5119,0
DA:5121,0
DA:5125,0
DA:5126,0
DA:5129,0
DA:5130,0
DA:5131,0
DA:5142,4430
DA:5151,4430
DA:5152,4430
DA:5157,0
DA:5158,0
DA:5162,0
DA:5163,0
DA:5167,0
DA:5168,0
DA:5173,198
DA:5174,198
DA:5179,0
DA:5180,0
DA:5182,0
DA:5183,0
DA:5185,0
DA:5186,0
DA:5188,0
DA:5189,0
DA:5194,99
DA:5195,99
DA:5199,99
DA:5200,99
DA:5204,0
DA:5207,99
DA:5208,99
DA:5212,0
DA:5213,0
DA:5217,0
DA:5218,0
DA:5222,0
DA:5225,198
DA:5229,0
DA:5230,0
DA:5234,99
DA:5235,99
DA:5240,99
DA:5244,0
DA:5248,0
DA:5249,0
DA:5254,0
DA:5255,0
DA:5261,0
DA:5262,0
DA:5267,0
DA:5268,0
DA:5273,733
DA:5285,0
DA:5286,0
DA:5287,0
DA:5290,0
DA:5291,0
DA:5298,0
DA:5303,0
DA:5304,0
DA:5306,0
DA:5307,0
DA:5308,0
DA:5310,0
DA:5311,0
DA:5312,0
DA:5313,0
DA:5314,0
DA:5318,0
DA:5319,0
DA:5323,0
DA:5324,0
DA:5327,0
DA:5334,0
DA:5344,0
DA:5355,0
DA:5357,0
DA:5365,0
DA:5372,0
DA:5374,0
DA:5375,0
DA:5382,100
DA:5384,100
DA:5410,100
DA:5414,100
DA:5459,100
DA:5462,100
DA:5463,100
DA:5464,100
DA:5468,0
DA:5469,0
DA:5474,0
DA:5476,0
DA:5477,0
DA:5478,0
DA:5482,0
DA:5484,0
DA:5485,0
DA:5486,0
DA:5491,0
DA:5493,0
DA:5494,0
DA:5495,0
DA:5498,0
DA:5503,0
DA:5504,0
DA:5508,100
DA:5511,100
DA:5515,0
DA:5517,0
DA:5518,0
DA:5519,0
DA:5522,0
DA:5523,0
DA:5524,0
DA:5525,0
DA:5529,100
DA:5530,100
DA:5532,100
DA:5533,100
DA:5534,100
DA:5536,100
DA:5538,100
DA:5539,100
DA:5540,100
DA:5541,100
DA:5542,100
DA:5543,100
DA:5544,100
DA:5545,100
DA:5546,100
DA:5547,100
DA:5548,100
DA:5549,100
DA:5551,100
DA:5554,700
DA:5555,100
DA:5556,100
DA:5558,200
DA:5560,100
DA:5563,100
DA:5565,100
DA:5566,200
DA:5573,0
DA:5574,0
DA:5577,0
DA:5578,0
DA:5579,0
DA:5580,0
DA:5581,0
DA:5582,0
DA:5584,0
DA:5585,0
DA:5587,0
DA:5588,0
DA:5593,100
DA:5594,100
DA:5595,0
DA:5596,100
DA:5601,100
DA:5602,100
DA:5603,100
DA:5604,0
DA:5605,0
DA:5606,100
DA:5607,0
DA:5608,0
DA:5609,100
DA:5610,0
DA:5611,0
DA:5613,100
DA:5618,100
DA:5619,100
DA:5620,100
DA:5621,0
DA:5622,0
DA:5623,0
DA:5624,0
DA:5626,0
DA:5627,0
DA:5630,100
DA:5638,200
DA:5640,200
DA:5641,100
DA:5649,100
DA:5650,100
DA:5656,100
DA:5660,100
DA:5662,100
DA:5663,0
DA:5668,100
DA:5678,200
DA:5691,1200
DA:5694,1200
DA:5695,2400
DA:5696,2400
DA:5715,1200
DA:5721,1200
DA:5722,2400
DA:5724,1200
DA:5728,300
DA:5730,600
DA:5732,300
DA:5737,0
DA:5738,0
DA:5742,300
DA:5745,300
DA:5746,300
DA:5747,300
DA:5751,0
DA:5752,0
DA:5763,100
DA:5766,100
DA:5769,100
DA:5773,100
DA:5778,100
DA:5782,100
DA:5785,100
DA:5786,100
DA:5794,100
DA:5800,100
DA:5801,100
DA:5804,100
DA:5806,1
DA:5807,1
DA:5810,99
DA:5813,99
DA:5815,99
DA:5817,99
DA:5818,99
DA:5822,99
DA:5825,99
DA:5833,99
DA:5834,99
DA:5837,198
DA:5840,99
DA:5842,99
DA:5845,99
DA:5846,0
DA:5850,0
DA:5854,99
DA:5857,99
DA:5860,99
DA:5861,99
DA:5862,99
DA:5863,99
DA:5868,99
DA:5872,0
DA:5873,0
DA:5875,0
DA:5876,0
DA:5877,0
DA:5878,0
DA:5879,0
DA:5881,0
DA:5882,99
DA:5883,396
DA:5885,297
DA:5886,297
DA:5887,0
DA:5888,0
DA:5889,0
DA:5891,0
DA:5894,0
DA:5898,0
DA:5900,0
DA:5907,99
DA:5908,99
DA:5909,99
DA:5911,99
DA:5915,99
DA:5918,99
DA:5921,99
DA:5922,0
DA:5931,99
DA:5933,99
DA:5935,0
DA:5939,99
DA:5941,99
DA:5942,0
DA:5955,99
DA:5962,100
DA:5963,100
DA:5964,100
DA:5965,0
DA:5966,0
DA:5967,0
DA:5971,0
DA:5972,0
DA:5974,0
DA:5976,100
DA:5984,199
DA:5986,199
DA:5987,0
DA:5990,199
DA:5991,199
DA:5993,199
DA:5994,199
DA:5995,0
DA:5996,0
DA:5997,0
DA:5998,0
DA:5999,0
DA:6000,0
DA:6001,0
DA:6002,0
DA:6003,0
DA:6004,0
DA:6005,0
DA:6006,0
DA:6007,0
DA:6008,0
DA:6009,0
DA:6010,0
DA:6011,0
DA:6013,0
DA:6014,0
DA:6015,0
DA:6016,0
DA:6017,0
DA:6018,0
DA:6019,0
DA:6020,0
DA:6022,0
DA:6028,398
DA:6029,398
DA:6030,398
DA:6031,398
DA:6035,0
DA:6037,0
DA:6039,0
DA:6046,0
DA:6047,0
DA:6057,100
DA:6059,100
DA:6060,100
DA:6062,100
DA:6063,100
DA:6066,100
DA:6067,200
DA:6072,100
DA:6073,100
DA:6074,400
DA:6075,300
DA:6076,300
DA:6078,1500
DA:6079,1200
DA:6080,1200
DA:6084,2400
DA:6085,1200
DA:6086,1200
DA:6089,1200
DA:6090,1200
DA:6092,1200
DA:6093,1200
DA:6097,1200
DA:6098,0
DA:6099,1200
DA:6100,1200
DA:6102,1200
DA:6103,1200
DA:6105,1200
DA:6106,1200
DA:6107,1200
DA:6108,300
DA:6109,100
DA:6110,100
DA:6116,0
DA:6117,0
DA:6118,0
DA:6119,0
DA:6120,0
DA:6121,0
DA:6123,0
DA:6124,0
DA:6125,0
DA:6127,0
DA:6128,0
DA:6132,0
DA:6135,1
DA:6137,1
DA:6139,4
DA:6140,3
DA:6142,15
DA:6143,12
DA:6144,12
DA:6145,12
DA:6146,3
DA:6147,3
DA:6148,3
DA:6149,0
DA:6152,0
DA:6154,3
DA:6156,12
DA:6157,12
DA:6158,0
DA:6161,0
DA:6163,12
DA:6167,1
DA:6168,1
DA:6169,1
DA:6170,0
DA:6171,0
DA:6172,0
DA:6173,0
DA:6174,0
DA:6175,0
DA:6176,0
DA:6177,0
DA:6178,0
DA:6179,0
DA:6180,0
DA:6182,0
DA:6183,0
DA:6184,0
DA:6185,1
DA:6192,0
DA:6194,0
DA:6195,0
DA:6196,0
DA:6198,0
DA:6203,870
DA:6204,870
DA:6208,99
DA:6212,870
DA:6216,726
DA:6217,726
DA:6218,528
DA:6220,198
DA:6221,0
DA:6223,198
DA:6228,0
DA:6230,0
DA:6233,0
DA:6234,0
DA:6237,0
DA:6238,0
DA:6240,0
DA:6243,99
DA:6244,396
DA:6246,297
DA:6248,297
DA:6250,99
DA:6263,0
DA:6266,0
DA:6275,3500
DA:6277,1000
DA:6281,1000
DA:6283,1000
DA:6289,0
DA:6290,0
DA:6291,0
DA:6292,0
DA:6293,0
DA:6295,0
DA:6303,874
DA:6306,874
DA:6310,1748
DA:6311,874
DA:6312,874
DA:6315,193
DA:6318,193
DA:6319,97
DA:6325,96
DA:6328,96
DA:6329,874
DA:6341,582
DA:6343,582
DA:6346,582
DA:6349,97
DA:6350,97
DA:6357,0
DA:6359,0
DA:6362,0
DA:6365,0
DA:6366,0
DA:6374,292
DA:6376,292
DA:6379,292
DA:6382,96
DA:6383,96
DA:6392,0
DA:6393,0
DA:6394,0
DA:6395,0
DA:6396,0
DA:6397,0
DA:6409,0
DA:6410,0
DA:6417,0
DA:6418,0
DA:6419,0
DA:6420,0
DA:6423,0
DA:6425,0
DA:6426,0
DA:6427,0
DA:6428,0
DA:6429,0
DA:6430,0
DA:6431,0
DA:6432,0
DA:6433,0
DA:6434,0
DA:6435,0
DA:6436,0
DA:6438,0
DA:6440,0
DA:6539,193
DA:6549,193
DA:6550,97
DA:6551,97
DA:6552,97
DA:6553,97
DA:6554,97
DA:6555,97
DA:6556,97
DA:6557,1
DA:6558,1
DA:6559,0
DA:6560,0
DA:6561,0
DA:6562,0
DA:6563,0
DA:6564,0
DA:6565,0
DA:6566,0
DA:6567,0
DA:6568,0
DA:6569,0
DA:6570,0
DA:6574,0
DA:6575,0
DA:6576,0
DA:6577,0
DA:6578,0
DA:6580,0
DA:6581,0
DA:6582,0
DA:6583,0
DA:6584,0
DA:6585,0
DA:6586,0
DA:6588,0
DA:6595,100
DA:6596,100
DA:6597,293
DA:6598,193
DA:6599,193
DA:6603,193
DA:6604,193
DA:6605,193
DA:6607,0
DA:6608,0
DA:6609,0
DA:6610,0
DA:6612,0
DA:6615,0
DA:6618,193
DA:6623,482
DA:6624,289
DA:6628,193
DA:6632,193
DA:6636,100
DA:6640,0
DA:6642,100
DA:6646,100
DA:6666,100
DA:6679,100
DA:6680,0
DA:6681,0
DA:6682,0
DA:6689,100
DA:6691,100
DA:6693,100
DA:6695,100
DA:6696,393
DA:6697,293
DA:6710,100
DA:6711,100
DA:6725,100
DA:6729,100
DA:6731,100
DA:6735,0
DA:6739,0
DA:6741,0
DA:6745,0
DA:6747,0
DA:6748,0
DA:6749,0
DA:6750,0
DA:6755,0
DA:6757,0
DA:6764,0
DA:6767,0
DA:6768,0
DA:6769,0
DA:6770,0
DA:6771,0
DA:6773,0
DA:6776,0
DA:6780,0
DA:6788,0
DA:6796,0
DA:6797,0
DA:6798,0
DA:6799,0
DA:6800,0
DA:6802,0
DA:6803,0
DA:6806,0
DA:6807,0
DA:6808,0
LF:2652
LH:789
end_of_record
TN:
SF:/home/artur/Treinamento/Simulação_de_Tráfego/tests/build/_deps/googletest-src/googletest/src/gtest_main.cc
FN:60,main
FNDA:100,main
FNF:1
FNH:1
DA:60,100
DA:61,100
DA:62,100
DA:63,100
LF:4
LH:4
end_of_record
